-- Canu snapshot v1.7 +518 changes (r9210 22a2453af2eafd0109c9924b648e91711eb3c701)
--
-- CITATIONS
--
-- Koren S, Walenz BP, Berlin K, Miller JR, Phillippy AM.
-- Canu: scalable and accurate long-read assembly via adaptive k-mer weighting and repeat separation.
-- Genome Res. 2017 May;27(5):722-736.
-- http://doi.org/10.1101/gr.215087.116
-- 
-- Koren S, Rhie A, Walenz BP, Dilthey AT, Bickhart DM, Kingan SB, Hiendleder S, Williams JL, Smith TPL, Phillippy AM.
-- De novo assembly of haplotype-resolved genomes with trio binning.
-- Nat Biotechnol. 2018
-- https//doi.org/10.1038/nbt.4277
-- 
-- Read and contig alignments during correction, consensus and GFA building use:
--   Šošic M, Šikic M.
--   Edlib: a C/C ++ library for fast, exact sequence alignment using edit distance.
--   Bioinformatics. 2017 May 1;33(9):1394-1395.
--   http://doi.org/10.1093/bioinformatics/btw753
-- 
-- Overlaps are generated using:
--   Berlin K, et al.
--   Assembling large genomes with single-molecule sequencing and locality-sensitive hashing.
--   Nat Biotechnol. 2015 Jun;33(6):623-30.
--   http://doi.org/10.1038/nbt.3238
-- 
--   Myers EW, et al.
--   A Whole-Genome Assembly of Drosophila.
--   Science. 2000 Mar 24;287(5461):2196-204.
--   http://doi.org/10.1126/science.287.5461.2196
-- 
-- Corrected read consensus sequences are generated using an algorithm derived from FALCON-sense:
--   Chin CS, et al.
--   Phased diploid genome assembly with single-molecule real-time sequencing.
--   Nat Methods. 2016 Dec;13(12):1050-1054.
--   http://doi.org/10.1038/nmeth.4035
-- 
-- Contig consensus sequences are generated using an algorithm derived from pbdagcon:
--   Chin CS, et al.
--   Nonhybrid, finished microbial genome assemblies from long-read SMRT sequencing data.
--   Nat Methods. 2013 Jun;10(6):563-9
--   http://doi.org/10.1038/nmeth.2474
-- 
-- CONFIGURE CANU
--
-- Detected Java(TM) Runtime Environment '1.8.0_191' (from 'java') with -d64 support.
-- Detected gnuplot version '4.6 patchlevel 7   ' (from '/usr/local/opt/gnuplot@4/bin/gnuplot') and image format 'png'.
-- Detected 8 CPUs and 16 gigabytes of memory.
-- No grid engine detected, grid disabled.
--
--                            (tag)Concurrency
--                     (tag)Threads          |
--            (tag)Memory         |          |
--        (tag)         |         |          |     total usage     algorithm
--        -------  ------  --------   --------  -----------------  -----------------------------
-- Local: meryl      8 GB    4 CPUs x   2 jobs    16 GB    8 CPUs  (k-mer counting)
-- Local: hap        8 GB    4 CPUs x   2 jobs    16 GB    8 CPUs  (read-to-haplotype assignment)
-- Local: cormhap    6 GB    8 CPUs x   1 job      6 GB    8 CPUs  (overlap detection with mhap)
-- Local: obtovl     4 GB    8 CPUs x   1 job      4 GB    8 CPUs  (overlap detection)
-- Local: utgovl     4 GB    8 CPUs x   1 job      4 GB    8 CPUs  (overlap detection)
-- Local: ovb        4 GB    1 CPU  x   4 jobs    16 GB    4 CPUs  (overlap store bucketizer)
-- Local: ovs        8 GB    1 CPU  x   2 jobs    16 GB    2 CPUs  (overlap store sorting)
-- Local: red        8 GB    4 CPUs x   2 jobs    16 GB    8 CPUs  (read error detection)
-- Local: oea        4 GB    1 CPU  x   4 jobs    16 GB    4 CPUs  (overlap error adjustment)
-- Local: bat       16 GB    4 CPUs x   1 job     16 GB    4 CPUs  (contig construction with bogart)
-- Local: gfa        8 GB    4 CPUs x   1 job      8 GB    4 CPUs  (GFA alignment and processing)
--
-- Found PacBio uncorrected reads in the input files.
--
-- Generating assembly 'ecoli' in '/Users/admin/Desktop/ecoli-pacbio'
--
-- Parameters:
--
--  genomeSize        4800000
--
--  Overlap Generation Limits:
--    corOvlErrorRate 0.2400 ( 24.00%)
--    obtOvlErrorRate 0.0450 (  4.50%)
--    utgOvlErrorRate 0.0450 (  4.50%)
--
--  Overlap Processing Limits:
--    corErrorRate    0.3000 ( 30.00%)
--    obtErrorRate    0.0450 (  4.50%)
--    utgErrorRate    0.0450 (  4.50%)
--    cnsErrorRate    0.0750 (  7.50%)
--
--
-- BEGIN CORRECTION
--
----------------------------------------
-- Starting command on Mon Oct 22 17:33:05 2018 with 878.216 GB free disk space

    cd .
    /Users/admin/canu/Darwin-amd64/bin/sqStoreCreate \
      -o ./ecoli.seqStore.BUILDING \
      -minlength 1000 \
      ./ecoli.seqStore.ssi \
    > ./ecoli.seqStore.BUILDING.err 2>&1

-- Finished on Mon Oct 22 17:33:05 2018 (in the blink of an eye) with 878.186 GB free disk space
----------------------------------------
--
-- In sequence store './ecoli.seqStore':
--   Found 12528 reads.
--   Found 115899341 bases (24.14 times coverage).
--
--   Read length histogram (one '*' equals 20.62 reads):
--     1000   1999   1444 **********************************************************************
--     2000   2999   1328 ****************************************************************
--     3000   3999   1065 ***************************************************
--     4000   4999    774 *************************************
--     5000   5999    668 ********************************
--     6000   6999    619 ******************************
--     7000   7999    618 *****************************
--     8000   8999    607 *****************************
--     9000   9999    560 ***************************
--    10000  10999    523 *************************
--    11000  11999    478 ***********************
--    12000  12999    429 ********************
--    13000  13999    379 ******************
--    14000  14999    366 *****************
--    15000  15999    353 *****************
--    16000  16999    329 ***************
--    17000  17999    297 **************
--    18000  18999    294 **************
--    19000  19999    283 *************
--    20000  20999    251 ************
--    21000  21999    195 *********
--    22000  22999    152 *******
--    23000  23999    132 ******
--    24000  24999     75 ***
--    25000  25999     66 ***
--    26000  26999     56 **
--    27000  27999     44 **
--    28000  28999     35 *
--    29000  29999     16 
--    30000  30999     21 *
--    31000  31999     18 
--    32000  32999     11 
--    33000  33999      8 
--    34000  34999      6 
--    35000  35999      6 
--    36000  36999     10 
--    37000  37999      2 
--    38000  38999      3 
--    39000  39999      2 
--    40000  40999      2 
--    41000  41999      2 
--    42000  42999      1 
----------------------------------------
-- Starting command on Mon Oct 22 17:33:05 2018 with 878.186 GB free disk space

    cd correction/0-mercounts
    ./meryl-configure.sh \
    > ./meryl-configure.err 2>&1

-- Finished on Mon Oct 22 17:33:06 2018 (one second) with 878.186 GB free disk space
----------------------------------------
--  segments   memory batches
--  -------- -------- -------
--        01  0.31 GB       1
--
--  For 12528 reads with 115899341 bases, limit to 1 batch.
--  Will count kmers using 01 jobs, each using 2 GB and 4 threads.
--
-- Finished stage 'merylConfigure', reset canuIteration.
--
-- Running jobs.  First attempt out of 2.
----------------------------------------
-- Starting 'meryl' concurrent execution on Mon Oct 22 17:33:06 2018 with 878.186 GB free disk space (1 processes; 2 concurrently)

    cd correction/0-mercounts
    ./meryl-count.sh 1 > ./meryl-count.000001.out 2>&1

-- Finished on Mon Oct 22 17:33:16 2018 (10 seconds) with 877.779 GB free disk space
----------------------------------------
-- Found 1 Kmer counting (meryl) outputs.
-- Finished stage 'cor-merylCountCheck', reset canuIteration.
--
-- Running jobs.  First attempt out of 2.
----------------------------------------
-- Starting 'meryl' concurrent execution on Mon Oct 22 17:33:16 2018 with 877.779 GB free disk space (1 processes; 2 concurrently)

    cd correction/0-mercounts
    ./meryl-process.sh 1 > ./meryl-process.000001.out 2>&1

-- Finished on Mon Oct 22 17:33:37 2018 (21 seconds) with 878.126 GB free disk space
----------------------------------------
--
--  16-mers                                                                                           Fraction
--    Occurrences   NumMers                                                                         Unique Total
--       1-     1         0                                                                        0.0000 0.0000
--       2-     2   6908233 ********************************************************************** 0.5778 0.3590
--       3-     4   2820998 ****************************                                           0.7273 0.4984
--       5-     7   1710326 *****************                                                      0.8785 0.7065
--       8-    11    455596 ****                                                                   0.9756 0.9090
--      12-    16     40620                                                                        0.9964 0.9720
--      17-    22      8322                                                                        0.9984 0.9811
--      23-    29      5013                                                                        0.9990 0.9848
--      30-    37      3280                                                                        0.9994 0.9880
--      38-    46      1610                                                                        0.9997 0.9907
--      47-    56       954                                                                        0.9998 0.9923
--      57-    67       714                                                                        0.9999 0.9936
--      68-    79       287                                                                        0.9999 0.9947
--      80-    92       108                                                                        1.0000 0.9951
--      93-   106        68                                                                        1.0000 0.9954
--     107-   121        57                                                                        1.0000 0.9955
--     122-   137        34                                                                        1.0000 0.9957
--     138-   154        35                                                                        1.0000 0.9958
--     155-   172        33                                                                        1.0000 0.9959
--     173-   191        29                                                                        1.0000 0.9961
--     192-   211        21                                                                        1.0000 0.9962
--     212-   232        26                                                                        1.0000 0.9963
--     233-   254        18                                                                        1.0000 0.9965
--     255-   277        25                                                                        1.0000 0.9966
--     278-   301        11                                                                        1.0000 0.9968
--     302-   326        14                                                                        1.0000 0.9969
--     327-   352         6                                                                        1.0000 0.9970
--     353-   379         7                                                                        1.0000 0.9970
--     380-   407         5                                                                        1.0000 0.9971
--     408-   436         6                                                                        1.0000 0.9971
--     437-   466         7                                                                        1.0000 0.9972
--     467-   497        11                                                                        1.0000 0.9973
--     498-   529         8                                                                        1.0000 0.9974
--     530-   562        15                                                                        1.0000 0.9975
--     563-   596        12                                                                        1.0000 0.9977
--     597-   631         5                                                                        1.0000 0.9979
--     632-   667         3                                                                        1.0000 0.9980
--     668-   704         4                                                                        1.0000 0.9981
--     705-   742         2                                                                        1.0000 0.9981
--     743-   781         1                                                                        1.0000 0.9982
--     782-   821         2                                                                        1.0000 0.9982
--
--           0 (max occurrences)
--    38481217 (total mers, non-unique)
--    11956540 (distinct mers, non-unique)
--           0 (unique mers)
-- Finished stage 'meryl-process', reset canuIteration.
--
-- OVERLAPPER (mhap) (correction)
--
-- Set corMhapSensitivity=high based on read coverage of 24.
--
-- PARAMETERS: hashes=768, minMatches=2, threshold=0.73
--
-- Given 5.4 GB, can fit 8100 reads per block.
-- For 3 blocks, set stride to 2 blocks.
-- Logging partitioning to 'correction/1-overlapper/partitioning.log'.
-- Configured 2 mhap precompute jobs.
-- Configured 2 mhap overlap jobs.
-- Finished stage 'cor-mhapConfigure', reset canuIteration.
--
-- Running jobs.  First attempt out of 2.
----------------------------------------
-- Starting 'cormhap' concurrent execution on Mon Oct 22 17:33:37 2018 with 878.126 GB free disk space (2 processes; 1 concurrently)

    cd correction/1-overlapper
    ./precompute.sh 1 > ./precompute.000001.out 2>&1
    ./precompute.sh 2 > ./precompute.000002.out 2>&1

-- Finished on Mon Oct 22 17:41:27 2018 (470 seconds) with 877.769 GB free disk space
----------------------------------------
-- All 2 mhap precompute jobs finished successfully.
-- Finished stage 'cor-mhapPrecomputeCheck', reset canuIteration.
--
-- Running jobs.  First attempt out of 2.
----------------------------------------
-- Starting 'cormhap' concurrent execution on Mon Oct 22 17:41:27 2018 with 877.769 GB free disk space (2 processes; 1 concurrently)

    cd correction/1-overlapper
    ./mhap.sh 1 > ./mhap.000001.out 2>&1
    ./mhap.sh 2 > ./mhap.000002.out 2>&1

-- Finished on Mon Oct 22 17:41:40 2018 (13 seconds) with 877.764 GB free disk space
----------------------------------------
-- Found 2 mhap overlap output files.
-- Finished stage 'cor-mhapCheck', reset canuIteration.
----------------------------------------
-- Starting command on Mon Oct 22 17:41:40 2018 with 877.764 GB free disk space

    cd correction
    /Users/admin/canu/Darwin-amd64/bin/ovStoreConfig \
     -S ../ecoli.seqStore \
     -M 4-8 \
     -L ./1-overlapper/ovljob.files \
     -create ./ecoli.ovlStore.config \
     > ./ecoli.ovlStore.config.txt \
    2> ./ecoli.ovlStore.config.err

-- Finished on Mon Oct 22 17:41:40 2018 (lickety-split) with 877.764 GB free disk space
----------------------------------------
--
-- Creating overlap store correction/ecoli.ovlStore using:
--      2 buckets
--      2 slices
--        using at most 1 GB memory each
-- Finished stage 'cor-overlapStoreConfigure', reset canuIteration.
--
-- Running jobs.  First attempt out of 2.
----------------------------------------
-- Starting 'ovB' concurrent execution on Mon Oct 22 17:41:40 2018 with 877.764 GB free disk space (2 processes; 4 concurrently)

    cd correction/ecoli.ovlStore.BUILDING
    ./scripts/1-bucketize.sh 1 > ./logs/1-bucketize.000001.out 2>&1
    ./scripts/1-bucketize.sh 2 > ./logs/1-bucketize.000002.out 2>&1

-- Finished on Mon Oct 22 17:41:40 2018 (lickety-split) with 877.755 GB free disk space
----------------------------------------
-- Overlap store bucketizer finished.
-- Finished stage 'cor-overlapStoreBucketizerCheck', reset canuIteration.
--
-- Running jobs.  First attempt out of 2.
----------------------------------------
-- Starting 'ovS' concurrent execution on Mon Oct 22 17:41:40 2018 with 877.755 GB free disk space (2 processes; 2 concurrently)

    cd correction/ecoli.ovlStore.BUILDING
    ./scripts/2-sort.sh 1 > ./logs/2-sort.000001.out 2>&1
    ./scripts/2-sort.sh 2 > ./logs/2-sort.000002.out 2>&1

-- Finished on Mon Oct 22 17:41:41 2018 (one second) with 877.742 GB free disk space
----------------------------------------
-- Overlap store sorter finished.
-- Finished stage 'cor-overlapStoreSorterCheck', reset canuIteration.
----------------------------------------
-- Starting command on Mon Oct 22 17:41:41 2018 with 877.742 GB free disk space

    cd correction
    /Users/admin/canu/Darwin-amd64/bin/ovStoreIndexer \
      -O  ./ecoli.ovlStore.BUILDING \
      -S ../ecoli.seqStore \
      -C  ./ecoli.ovlStore.config \
      -delete \
    > ./ecoli.ovlStore.BUILDING.index.err 2>&1

-- Finished on Mon Oct 22 17:41:41 2018 (furiously fast) with 877.752 GB free disk space
----------------------------------------
-- Checking store.
----------------------------------------
-- Starting command on Mon Oct 22 17:41:41 2018 with 877.752 GB free disk space

    cd correction
    /Users/admin/canu/Darwin-amd64/bin/ovStoreDump \
     -S ../ecoli.seqStore \
     -O  ./ecoli.ovlStore \
     -counts \
     > ./ecoli.ovlStore/counts.dat 2> ./ecoli.ovlStore/counts.err

-- Finished on Mon Oct 22 17:41:41 2018 (in the blink of an eye) with 877.752 GB free disk space
----------------------------------------
--
-- Overlap store 'correction/ecoli.ovlStore' successfully constructed.
-- Found 495214 overlaps for 12391 reads; 137 reads have no overlaps.
--
--
-- Purged 0.487 GB in 7 overlap output files.
-- Finished stage 'cor-createOverlapStore', reset canuIteration.
-- Set corMinCoverage=4 based on read coverage of 24.
-- Global filter scores will be estimated.
-- Computing correction layouts.
----------------------------------------
-- Starting command on Mon Oct 22 17:41:41 2018 with 878.113 GB free disk space

    cd correction
    /Users/admin/canu/Darwin-amd64/bin/generateCorrectionLayouts \
      -S ../ecoli.seqStore \
      -O  ./ecoli.ovlStore \
      -C  ./ecoli.corStore.WORKING \
      -eC 80 \
    > ./ecoli.corStore.err 2>&1

-- Finished on Mon Oct 22 17:41:42 2018 (one second) with 878.097 GB free disk space
----------------------------------------
-- Finished stage 'cor-buildCorrectionLayoutsConfigure', reset canuIteration.
-- Computing correction layouts.
----------------------------------------
-- Starting command on Mon Oct 22 17:41:42 2018 with 878.097 GB free disk space

    cd correction/2-correction
    /Users/admin/canu/Darwin-amd64/bin/filterCorrectionLayouts \
      -S  ../../ecoli.seqStore \
      -C     ../ecoli.corStore \
      -R      ./ecoli.readsToCorrect.WORKING \
      -cc 4 \
      -cl 1000 \
      -g  4800000 \
      -c  40 \
    > ./ecoli.readsToCorrect.err 2>&1

-- Finished on Mon Oct 22 17:41:42 2018 (furiously fast) with 878.096 GB free disk space
----------------------------------------
--                             original      original
--                            raw reads     raw reads
--   category                w/overlaps  w/o/overlaps
--   -------------------- ------------- -------------
--   Number of Reads              12350           178
--   Number of Bases          114636714        217364
--   Coverage                    23.883         0.045
--   Median                        7645             0
--   Mean                          9282          1221
--   N50                          14222         12135
--   Minimum                       1000             0
--   Maximum                      42279         17689
--   
--                                        --------corrected---------  ----------rescued----------
--                             evidence                     expected                     expected
--   category                     reads            raw     corrected            raw     corrected
--   -------------------- -------------  ------------- -------------  ------------- -------------
--   Number of Reads              12359          11819         11819              0             0
--   Number of Bases          114553961      112337737     107978145              0             0
--   Coverage                    23.865         23.404        22.495          0.000         0.000
--   Median                        7633           7937          7594              0             0
--   Mean                          9268           9504          9135              0             0
--   N50                          14207          14304         14091              0             0
--   Minimum                       1000           1000             2              0             0
--   Maximum                      42279          41342         41175              0             0
--   
--                        --------uncorrected--------
--                                           expected
--   category                       raw     corrected
--   -------------------- ------------- -------------
--   Number of Reads                709           709
--   Number of Bases            2516341         42268
--   Coverage                     0.524         0.009
--   Median                        1762             0
--   Mean                          3549            59
--   N50                           8079             0
--   Minimum                          0             0
--   Maximum                      42279         42268
--   
--   Maximum Memory           919361756
-- Finished stage 'cor-filterCorrectionLayouts', reset canuIteration.
--
--                            (tag)Concurrency
--                     (tag)Threads          |
--            (tag)Memory         |          |
--        (tag)         |         |          |     total usage     algorithm
--        -------  ------  --------   --------  -----------------  -----------------------------
-- Local: cor        3 GB    4 CPUs x   2 jobs     6 GB    8 CPUs  (read correction)
--
-- Using overlaps no worse than 0.3 fraction error for correcting reads (from corErrorRate parameter).
-- Finished stage 'cor-generateCorrectedReadsConfigure', reset canuIteration.
--
-- Running jobs.  First attempt out of 2.
----------------------------------------
-- Starting 'cor' concurrent execution on Mon Oct 22 17:41:42 2018 with 878.096 GB free disk space (3 processes; 2 concurrently)

    cd correction/2-correction
    ./correctReads.sh 1 > ./correctReads.000001.out 2>&1
    ./correctReads.sh 2 > ./correctReads.000002.out 2>&1
    ./correctReads.sh 3 > ./correctReads.000003.out 2>&1

-- Finished on Mon Oct 22 17:52:06 2018 (624 seconds) with 877.869 GB free disk space
----------------------------------------
-- Found 3 read correction output files.
-- Finished stage 'cor-generateCorrectedReadsCheck', reset canuIteration.
-- Found 3 read correction output files.
-- Finished stage 'cor-generateCorrectedReadsCheck', reset canuIteration.
--
-- Loading corrected reads into corStore and seqStore.
----------------------------------------
-- Starting command on Mon Oct 22 17:52:06 2018 with 877.869 GB free disk space

    cd correction
    /Users/admin/canu/Darwin-amd64/bin/loadCorrectedReads \
      -S ../ecoli.seqStore \
      -C ./ecoli.corStore \
      -L ./2-correction/corjob.files \
    >  ./ecoli.loadCorrectedReads.log \
    2> ./ecoli.loadCorrectedReads.err

-- Finished on Mon Oct 22 17:52:07 2018 (one second) with 877.819 GB free disk space
----------------------------------------
--
-- In sequence store './ecoli.seqStore':
--   Found 11268 reads.
--   Found 97749589 bases (20.36 times coverage).
--
--   Read length histogram (one '*' equals 17.7 reads):
--        0    999    245 *************
--     1000   1999   1239 **********************************************************************
--     2000   2999   1160 *****************************************************************
--     3000   3999    908 ***************************************************
--     4000   4999    712 ****************************************
--     5000   5999    625 ***********************************
--     6000   6999    620 ***********************************
--     7000   7999    629 ***********************************
--     8000   8999    556 *******************************
--     9000   9999    500 ****************************
--    10000  10999    509 ****************************
--    11000  11999    440 ************************
--    12000  12999    317 *****************
--    13000  13999    380 *********************
--    14000  14999    329 ******************
--    15000  15999    320 ******************
--    16000  16999    274 ***************
--    17000  17999    318 *****************
--    18000  18999    247 *************
--    19000  19999    243 *************
--    20000  20999    189 **********
--    21000  21999    129 *******
--    22000  22999     90 *****
--    23000  23999     78 ****
--    24000  24999     59 ***
--    25000  25999     43 **
--    26000  26999     31 *
--    27000  27999     20 *
--    28000  28999     11 
--    29000  29999     12 
--    30000  30999     11 
--    31000  31999      5 
--    32000  32999      6 
--    33000  33999      4 
--    34000  34999      4 
--    35000  35999      0 
--    36000  36999      3 
--    37000  37999      0 
--    38000  38999      0 
--    39000  39999      2 
--
-- Purging correctReads output after loading into stores.
-- Purged 3 .cns outputs.
-- Purged 6 .out job log outputs.
--
-- Purging overlaps used for correction.
-- Finished stage 'cor-loadCorrectedReads', reset canuIteration.
----------------------------------------
-- Starting command on Mon Oct 22 17:52:07 2018 with 878.029 GB free disk space

    cd .
    /Users/admin/canu/Darwin-amd64/bin/sqStoreDumpFASTQ \
      -corrected \
      -S ./ecoli.seqStore \
      -o ./ecoli.correctedReads.gz \
      -fasta \
      -nolibname \
    > ecoli.correctedReads.fasta.err 2>&1

-- Finished on Mon Oct 22 17:52:08 2018 (one second) with 877.998 GB free disk space
----------------------------------------
--
-- Corrected reads saved in 'ecoli.correctedReads.fasta.gz'.
-- Finished stage 'cor-dumpCorrectedReads', reset canuIteration.
--
--
-- BEGIN TRIMMING
--
----------------------------------------
-- Starting command on Mon Oct 22 17:52:08 2018 with 877.998 GB free disk space

    cd trimming/0-mercounts
    ./meryl-configure.sh \
    > ./meryl-configure.err 2>&1

-- Finished on Mon Oct 22 17:52:09 2018 (one second) with 877.998 GB free disk space
----------------------------------------
--  segments   memory batches
--  -------- -------- -------
--        01  0.44 GB       1
--
--  For 11268 reads with 97749589 bases, limit to 1 batch.
--  Will count kmers using 01 jobs, each using 2 GB and 4 threads.
--
-- Finished stage 'merylConfigure', reset canuIteration.
--
-- Running jobs.  First attempt out of 2.
----------------------------------------
-- Starting 'meryl' concurrent execution on Mon Oct 22 17:52:09 2018 with 877.998 GB free disk space (1 processes; 2 concurrently)

    cd trimming/0-mercounts
    ./meryl-count.sh 1 > ./meryl-count.000001.out 2>&1

-- Finished on Mon Oct 22 17:52:16 2018 (7 seconds) with 877.935 GB free disk space
----------------------------------------
-- Found 1 Kmer counting (meryl) outputs.
-- Finished stage 'obt-merylCountCheck', reset canuIteration.
--
-- Running jobs.  First attempt out of 2.
----------------------------------------
-- Starting 'meryl' concurrent execution on Mon Oct 22 17:52:16 2018 with 877.935 GB free disk space (1 processes; 2 concurrently)

    cd trimming/0-mercounts
    ./meryl-process.sh 1 > ./meryl-process.000001.out 2>&1

-- Finished on Mon Oct 22 17:52:34 2018 (18 seconds) with 877.963 GB free disk space
----------------------------------------
--
--  22-mers                                                                                           Fraction
--    Occurrences   NumMers                                                                         Unique Total
--       1-     1         0                                                                        0.0000 0.0000
--       2-     2    479282 *****************                                                      0.0872 0.0103
--       3-     4    301825 ***********                                                            0.1222 0.0165
--       5-     7    184989 ******                                                                 0.1559 0.0253
--       8-    11    306469 ***********                                                            0.1858 0.0376
--      12-    16   1028969 *************************************                                  0.2560 0.0824
--      17-    22   1901695 ********************************************************************** 0.4741 0.2795
--      23-    29   1123762 *****************************************                              0.8153 0.6912
--      30-    37    132240 ****                                                                   0.9768 0.9388
--      38-    46     13115                                                                        0.9940 0.9723
--      47-    56      6339                                                                        0.9960 0.9770
--      57-    67      3135                                                                        0.9971 0.9804
--      68-    79      2496                                                                        0.9976 0.9825
--      80-    92      1711                                                                        0.9981 0.9844
--      93-   106      2047                                                                        0.9984 0.9861
--     107-   121      2652                                                                        0.9988 0.9883
--     122-   137      1698                                                                        0.9992 0.9914
--     138-   154       325                                                                        0.9995 0.9937
--     155-   172       765                                                                        0.9996 0.9942
--     173-   191       292                                                                        0.9997 0.9955
--     192-   211       119                                                                        0.9998 0.9960
--     212-   232       156                                                                        0.9998 0.9963
--     233-   254       581                                                                        0.9998 0.9967
--     255-   277       268                                                                        0.9999 0.9983
--     278-   301       157                                                                        1.0000 0.9990
--     302-   326         5                                                                        1.0000 0.9995
--     327-   352         5                                                                        1.0000 0.9995
--     353-   379         1                                                                        1.0000 0.9995
--     380-   407         1                                                                        1.0000 0.9995
--     408-   436         2                                                                        1.0000 0.9995
--     437-   466         2                                                                        1.0000 0.9995
--     467-   497         4                                                                        1.0000 0.9995
--     498-   529         1                                                                        1.0000 0.9995
--     530-   562         0                                                                        0.0000 0.0000
--     563-   596         6                                                                        1.0000 0.9996
--     597-   631         1                                                                        1.0000 0.9996
--     632-   667         0                                                                        0.0000 0.0000
--     668-   704         1                                                                        1.0000 0.9996
--     705-   742         3                                                                        1.0000 0.9996
--     743-   781         1                                                                        1.0000 0.9996
--     782-   821         2                                                                        1.0000 0.9996
--
--           0 (max occurrences)
--    92985588 (total mers, non-unique)
--     5495153 (distinct mers, non-unique)
--           0 (unique mers)
-- Finished stage 'meryl-process', reset canuIteration.
--
-- OVERLAPPER (normal) (trimming) erate=0.045
--
----------------------------------------
-- Starting command on Mon Oct 22 17:52:34 2018 with 877.963 GB free disk space

    cd trimming/1-overlapper
    /Users/admin/canu/Darwin-amd64/bin/overlapInCorePartition \
     -S  ../../ecoli.seqStore \
     -hl 80000000 \
     -rl 1000000000 \
     -ol 500 \
     -o  ./ecoli.partition \
    > ./ecoli.partition.err 2>&1

-- Finished on Mon Oct 22 17:52:34 2018 (like a bat out of hell) with 877.963 GB free disk space
----------------------------------------
--
-- Configured 2 overlapInCore jobs.
-- Finished stage 'obt-overlapConfigure', reset canuIteration.
--
-- Running jobs.  First attempt out of 2.
----------------------------------------
-- Starting 'obtovl' concurrent execution on Mon Oct 22 17:52:34 2018 with 877.963 GB free disk space (2 processes; 1 concurrently)

    cd trimming/1-overlapper
    ./overlap.sh 1 > ./overlap.000001.out 2>&1
    ./overlap.sh 2 > ./overlap.000002.out 2>&1

-- Finished on Mon Oct 22 17:53:35 2018 (61 seconds) with 877.956 GB free disk space
----------------------------------------
-- Found 2 overlapInCore output files.
--
-- overlapInCore compute 'trimming/1-overlapper':
--   kmer hits
--     with no overlap           675198      337599 +- 155447.526
--     with an overlap           310372      155186 +- 73843.161
--
--   overlaps                    310337    155168.5 +- 73828.311
--     contained                      0           0 +- 0
--     dovetail                       0           0 +- 0
--
--   overlaps rejected
--     multiple per pair              0           0 +- 0
--     bad short window               0           0 +- 0
--     bad long window                0           0 +- 0
-- Finished stage 'obt-overlapCheck', reset canuIteration.
----------------------------------------
-- Starting command on Mon Oct 22 17:53:35 2018 with 877.956 GB free disk space

    cd trimming
    /Users/admin/canu/Darwin-amd64/bin/ovStoreConfig \
     -S ../ecoli.seqStore \
     -M 1 \
     -L ./1-overlapper/ovljob.files \
     -create ./ecoli.ovlStore.config \
     > ./ecoli.ovlStore.config.txt \
    2> ./ecoli.ovlStore.config.err

-- Finished on Mon Oct 22 17:53:35 2018 (fast as lightning) with 877.956 GB free disk space
----------------------------------------
--
-- Creating overlap store trimming/ecoli.ovlStore using:
--      2 buckets
--      2 slices
--        using at most 1 GB memory each
-- Finished stage 'obt-overlapStoreConfigure', reset canuIteration.
--
-- Running jobs.  First attempt out of 2.
----------------------------------------
-- Starting 'ovB' concurrent execution on Mon Oct 22 17:53:35 2018 with 877.956 GB free disk space (2 processes; 4 concurrently)

    cd trimming/ecoli.ovlStore.BUILDING
    ./scripts/1-bucketize.sh 1 > ./logs/1-bucketize.000001.out 2>&1
    ./scripts/1-bucketize.sh 2 > ./logs/1-bucketize.000002.out 2>&1

-- Finished on Mon Oct 22 17:53:36 2018 (one second) with 877.945 GB free disk space
----------------------------------------
-- Overlap store bucketizer finished.
-- Finished stage 'obt-overlapStoreBucketizerCheck', reset canuIteration.
--
-- Running jobs.  First attempt out of 2.
----------------------------------------
-- Starting 'ovS' concurrent execution on Mon Oct 22 17:53:36 2018 with 877.945 GB free disk space (2 processes; 2 concurrently)

    cd trimming/ecoli.ovlStore.BUILDING
    ./scripts/2-sort.sh 1 > ./logs/2-sort.000001.out 2>&1
    ./scripts/2-sort.sh 2 > ./logs/2-sort.000002.out 2>&1

-- Finished on Mon Oct 22 17:53:36 2018 (furiously fast) with 877.932 GB free disk space
----------------------------------------
-- Overlap store sorter finished.
-- Finished stage 'obt-overlapStoreSorterCheck', reset canuIteration.
----------------------------------------
-- Starting command on Mon Oct 22 17:53:36 2018 with 877.932 GB free disk space

    cd trimming
    /Users/admin/canu/Darwin-amd64/bin/ovStoreIndexer \
      -O  ./ecoli.ovlStore.BUILDING \
      -S ../ecoli.seqStore \
      -C  ./ecoli.ovlStore.config \
      -delete \
    > ./ecoli.ovlStore.BUILDING.index.err 2>&1

-- Finished on Mon Oct 22 17:53:36 2018 (lickety-split) with 877.943 GB free disk space
----------------------------------------
-- Checking store.
----------------------------------------
-- Starting command on Mon Oct 22 17:53:36 2018 with 877.943 GB free disk space

    cd trimming
    /Users/admin/canu/Darwin-amd64/bin/ovStoreDump \
     -S ../ecoli.seqStore \
     -O  ./ecoli.ovlStore \
     -counts \
     > ./ecoli.ovlStore/counts.dat 2> ./ecoli.ovlStore/counts.err

-- Finished on Mon Oct 22 17:53:36 2018 (in the blink of an eye) with 877.943 GB free disk space
----------------------------------------
--
-- Overlap store 'trimming/ecoli.ovlStore' successfully constructed.
-- Found 620744 overlaps for 11233 reads; 1295 reads have no overlaps.
--
--
-- Purged 0.005 GB in 6 overlap output files.
-- Finished stage 'obt-createOverlapStore', reset canuIteration.
----------------------------------------
-- Starting command on Mon Oct 22 17:53:36 2018 with 877.949 GB free disk space

    cd trimming/3-overlapbasedtrimming
    /Users/admin/canu/Darwin-amd64/bin/trimReads \
      -S  ../../ecoli.seqStore \
      -O  ../ecoli.ovlStore \
      -Co ./ecoli.1.trimReads.clear \
      -e  0.045 \
      -minlength 1000 \
      -ol 1 \
      -oc 1 \
      -o  ./ecoli.1.trimReads \
    >     ./ecoli.1.trimReads.err 2>&1

-- Finished on Mon Oct 22 17:53:37 2018 (one second) with 877.948 GB free disk space
----------------------------------------
--  PARAMETERS:
--  ----------
--     1000    (reads trimmed below this many bases are deleted)
--   0.0450    (use overlaps at or below this fraction error)
--        1    (break region if overlap is less than this long, for 'largest covered' algorithm)
--        1    (break region if overlap coverage is less than this many read, for 'largest covered' algorithm)
--  
--  INPUT READS:
--  -----------
--   12528 reads     97749589 bases (reads processed)
--       0 reads            0 bases (reads not processed, previously deleted)
--       0 reads            0 bases (reads not processed, in a library where trimming isn't allowed)
--  
--  OUTPUT READS:
--  ------------
--    9648 reads     88471472 bases (trimmed reads output)
--    1341 reads      7873164 bases (reads with no change, kept as is)
--    1295 reads        17977 bases (reads with no overlaps, deleted)
--     244 reads       213641 bases (reads with short trimmed length, deleted)
--  
--  TRIMMING DETAILS:
--  ----------------
--    7046 reads       659206 bases (bases trimmed from the 5' end of a read)
--    7587 reads       514129 bases (bases trimmed from the 3' end of a read)
-- Finished stage 'obt-trimReads', reset canuIteration.
----------------------------------------
-- Starting command on Mon Oct 22 17:53:37 2018 with 877.948 GB free disk space

    cd trimming/3-overlapbasedtrimming
    /Users/admin/canu/Darwin-amd64/bin/splitReads \
      -S  ../../ecoli.seqStore \
      -O  ../ecoli.ovlStore \
      -Ci ./ecoli.1.trimReads.clear \
      -Co ./ecoli.2.splitReads.clear \
      -e  0.045 \
      -minlength 1000 \
      -o  ./ecoli.2.splitReads \
    >     ./ecoli.2.splitReads.err 2>&1

-- Finished on Mon Oct 22 17:53:38 2018 (one second) with 877.948 GB free disk space
----------------------------------------
--  PARAMETERS:
--  ----------
--     1000    (reads trimmed below this many bases are deleted)
--   0.0450    (use overlaps at or below this fraction error)
--  INPUT READS:
--  -----------
--   10989 reads     97517971 bases (reads processed)
--    1539 reads       231618 bases (reads not processed, previously deleted)
--       0 reads            0 bases (reads not processed, in a library where trimming isn't allowed)
--  
--  PROCESSED:
--  --------
--       0 reads            0 bases (no overlaps)
--       0 reads            0 bases (no coverage after adjusting for trimming done already)
--       0 reads            0 bases (processed for chimera)
--       0 reads            0 bases (processed for spur)
--   10989 reads     97517971 bases (processed for subreads)
--  
--  READS WITH SIGNALS:
--  ------------------
--       0 reads            0 signals (number of 5' spur signal)
--       0 reads            0 signals (number of 3' spur signal)
--       0 reads            0 signals (number of chimera signal)
--       4 reads            4 signals (number of subread signal)
--  
--  SIGNALS:
--  -------
--       0 reads            0 bases (size of 5' spur signal)
--       0 reads            0 bases (size of 3' spur signal)
--       0 reads            0 bases (size of chimera signal)
--       4 reads          428 bases (size of subread signal)
--  
--  TRIMMING:
--  --------
--       2 reads         8434 bases (trimmed from the 5' end of the read)
--       2 reads         6649 bases (trimmed from the 3' end of the read)
-- Finished stage 'obt-splitReads', reset canuIteration.
----------------------------------------
-- Starting command on Mon Oct 22 17:53:38 2018 with 877.948 GB free disk space

    cd trimming/3-overlapbasedtrimming
    /Users/admin/canu/Darwin-amd64/bin/loadTrimmedReads \
      -S ../../ecoli.seqStore \
      -c ./ecoli.2.splitReads.clear \
    > ./ecoli.loadtrimmedReads.err 2>&1

-- Finished on Mon Oct 22 17:53:38 2018 (like a bat out of hell) with 877.948 GB free disk space
----------------------------------------
--
-- In sequence store './ecoli.seqStore':
--   Found 10989 reads.
--   Found 96329553 bases (20.06 times coverage).
--
--   Read length histogram (one '*' equals 17.84 reads):
--     1000   1999   1249 **********************************************************************
--     2000   2999   1172 *****************************************************************
--     3000   3999    902 **************************************************
--     4000   4999    744 *****************************************
--     5000   5999    612 **********************************
--     6000   6999    627 ***********************************
--     7000   7999    627 ***********************************
--     8000   8999    557 *******************************
--     9000   9999    497 ***************************
--    10000  10999    498 ***************************
--    11000  11999    429 ************************
--    12000  12999    322 ******************
--    13000  13999    385 *********************
--    14000  14999    320 *****************
--    15000  15999    318 *****************
--    16000  16999    276 ***************
--    17000  17999    308 *****************
--    18000  18999    252 **************
--    19000  19999    229 ************
--    20000  20999    173 *********
--    21000  21999    128 *******
--    22000  22999     86 ****
--    23000  23999     79 ****
--    24000  24999     52 **
--    25000  25999     45 **
--    26000  26999     30 *
--    27000  27999     18 *
--    28000  28999     12 
--    29000  29999      9 
--    30000  30999     12 
--    31000  31999      5 
--    32000  32999      5 
--    33000  33999      4 
--    34000  34999      3 
--    35000  35999      1 
--    36000  36999      1 
--    37000  37999      0 
--    38000  38999      0 
--    39000  39999      2 
--
-- Purging overlaps used for trimming.
-- Finished stage 'obt-dumpReads', reset canuIteration.
----------------------------------------
-- Starting command on Mon Oct 22 17:53:39 2018 with 877.961 GB free disk space

    cd .
    /Users/admin/canu/Darwin-amd64/bin/sqStoreDumpFASTQ \
      -trimmed \
      -S ./ecoli.seqStore \
      -o ./ecoli.trimmedReads.gz \
      -fasta \
      -nolibname \
    > ./ecoli.trimmedReads.fasta.err 2>&1

-- Finished on Mon Oct 22 17:53:40 2018 (one second) with 877.931 GB free disk space
----------------------------------------
--
-- Trimmed reads saved in 'ecoli.trimmedReads.fasta.gz'.
-- Finished stage 'cor-dumpTrimmedReads', reset canuIteration.
--
--
-- BEGIN ASSEMBLY
--
----------------------------------------
-- Starting command on Mon Oct 22 17:53:40 2018 with 877.931 GB free disk space

    cd unitigging/0-mercounts
    ./meryl-configure.sh \
    > ./meryl-configure.err 2>&1

-- Finished on Mon Oct 22 17:53:40 2018 (fast as lightning) with 877.931 GB free disk space
----------------------------------------
--  segments   memory batches
--  -------- -------- -------
--        01  0.44 GB       1
--
--  For 10989 reads with 96329553 bases, limit to 1 batch.
--  Will count kmers using 01 jobs, each using 2 GB and 4 threads.
--
-- Finished stage 'merylConfigure', reset canuIteration.
--
-- Running jobs.  First attempt out of 2.
----------------------------------------
-- Starting 'meryl' concurrent execution on Mon Oct 22 17:53:40 2018 with 877.931 GB free disk space (1 processes; 2 concurrently)

    cd unitigging/0-mercounts
    ./meryl-count.sh 1 > ./meryl-count.000001.out 2>&1

-- Finished on Mon Oct 22 17:53:47 2018 (7 seconds) with 877.872 GB free disk space
----------------------------------------
-- Found 1 Kmer counting (meryl) outputs.
-- Finished stage 'utg-merylCountCheck', reset canuIteration.
--
-- Running jobs.  First attempt out of 2.
----------------------------------------
-- Starting 'meryl' concurrent execution on Mon Oct 22 17:53:47 2018 with 877.872 GB free disk space (1 processes; 2 concurrently)

    cd unitigging/0-mercounts
    ./meryl-process.sh 1 > ./meryl-process.000001.out 2>&1

-- Finished on Mon Oct 22 17:54:05 2018 (18 seconds) with 877.895 GB free disk space
----------------------------------------
--
--  22-mers                                                                                           Fraction
--    Occurrences   NumMers                                                                         Unique Total
--       1-     1         0                                                                        0.0000 0.0000
--       2-     2    463403 ****************                                                       0.0847 0.0100
--       3-     4    296783 **********                                                             0.1191 0.0162
--       5-     7    185146 ******                                                                 0.1526 0.0249
--       8-    11    314959 ***********                                                            0.1830 0.0375
--      12-    16   1050360 **************************************                                 0.2555 0.0839
--      17-    22   1911942 ********************************************************************** 0.4787 0.2862
--      23-    29   1089949 ***************************************                                0.8221 0.7016
--      30-    37    122094 ****                                                                   0.9782 0.9415
--      38-    46     12633                                                                        0.9941 0.9725
--      47-    56      6415                                                                        0.9960 0.9771
--      57-    67      3028                                                                        0.9971 0.9805
--      68-    79      2495                                                                        0.9976 0.9826
--      80-    92      1881                                                                        0.9981 0.9844
--      93-   106      1959                                                                        0.9984 0.9864
--     107-   121      2579                                                                        0.9988 0.9885
--     122-   137      1649                                                                        0.9992 0.9915
--     138-   154       345                                                                        0.9995 0.9937
--     155-   172       723                                                                        0.9996 0.9943
--     173-   191       282                                                                        0.9997 0.9955
--     192-   211       119                                                                        0.9998 0.9961
--     212-   232       189                                                                        0.9998 0.9963
--     233-   254       599                                                                        0.9998 0.9968
--     255-   277       263                                                                        0.9999 0.9984
--     278-   301       105                                                                        1.0000 0.9992
--     302-   326         5                                                                        1.0000 0.9995
--     327-   352         5                                                                        1.0000 0.9995
--     353-   379         1                                                                        1.0000 0.9995
--     380-   407         2                                                                        1.0000 0.9995
--     408-   436         1                                                                        1.0000 0.9995
--     437-   466         2                                                                        1.0000 0.9995
--     467-   497         4                                                                        1.0000 0.9995
--     498-   529         1                                                                        1.0000 0.9995
--     530-   562         4                                                                        1.0000 0.9995
--     563-   596         2                                                                        1.0000 0.9996
--     597-   631         1                                                                        1.0000 0.9996
--     632-   667         0                                                                        0.0000 0.0000
--     668-   704         4                                                                        1.0000 0.9996
--     705-   742         0                                                                        0.0000 0.0000
--     743-   781         3                                                                        1.0000 0.9996
--
--           0 (max occurrences)
--    92258570 (total mers, non-unique)
--     5469966 (distinct mers, non-unique)
--           0 (unique mers)
-- Finished stage 'meryl-process', reset canuIteration.
--
-- OVERLAPPER (normal) (assembly) erate=0.045
--
----------------------------------------
-- Starting command on Mon Oct 22 17:54:05 2018 with 877.895 GB free disk space

    cd unitigging/1-overlapper
    /Users/admin/canu/Darwin-amd64/bin/overlapInCorePartition \
     -S  ../../ecoli.seqStore \
     -hl 80000000 \
     -rl 1000000000 \
     -ol 500 \
     -o  ./ecoli.partition \
    > ./ecoli.partition.err 2>&1

-- Finished on Mon Oct 22 17:54:05 2018 (in the blink of an eye) with 877.895 GB free disk space
----------------------------------------
--
-- Configured 2 overlapInCore jobs.
-- Finished stage 'utg-overlapConfigure', reset canuIteration.
--
-- Running jobs.  First attempt out of 2.
----------------------------------------
-- Starting 'utgovl' concurrent execution on Mon Oct 22 17:54:05 2018 with 877.895 GB free disk space (2 processes; 1 concurrently)

    cd unitigging/1-overlapper
    ./overlap.sh 1 > ./overlap.000001.out 2>&1
    ./overlap.sh 2 > ./overlap.000002.out 2>&1

-- Finished on Mon Oct 22 17:55:19 2018 (74 seconds) with 877.891 GB free disk space
----------------------------------------
-- Found 2 overlapInCore output files.
--
-- overlapInCore compute 'unitigging/1-overlapper':
--   kmer hits
--     with no overlap           742525    371262.5 +- 192561.439
--     with an overlap           218357    109178.5 +- 58553.391
--
--   overlaps                    218357    109178.5 +- 58553.391
--     contained                  93650       46825 +- 25136.231
--     dovetail                  124707     62353.5 +- 33417.159
--
--   overlaps rejected
--     multiple per pair              0           0 +- 0
--     bad short window               0           0 +- 0
--     bad long window                0           0 +- 0
-- Finished stage 'utg-overlapCheck', reset canuIteration.
----------------------------------------
-- Starting command on Mon Oct 22 17:55:19 2018 with 877.891 GB free disk space

    cd unitigging
    /Users/admin/canu/Darwin-amd64/bin/ovStoreConfig \
     -S ../ecoli.seqStore \
     -M 1 \
     -L ./1-overlapper/ovljob.files \
     -create ./ecoli.ovlStore.config \
     > ./ecoli.ovlStore.config.txt \
    2> ./ecoli.ovlStore.config.err

-- Finished on Mon Oct 22 17:55:19 2018 (like a bat out of hell) with 877.891 GB free disk space
----------------------------------------
--
-- Creating overlap store unitigging/ecoli.ovlStore using:
--      2 buckets
--      2 slices
--        using at most 1 GB memory each
-- Finished stage 'utg-overlapStoreConfigure', reset canuIteration.
--
-- Running jobs.  First attempt out of 2.
----------------------------------------
-- Starting 'ovB' concurrent execution on Mon Oct 22 17:55:19 2018 with 877.891 GB free disk space (2 processes; 4 concurrently)

    cd unitigging/ecoli.ovlStore.BUILDING
    ./scripts/1-bucketize.sh 1 > ./logs/1-bucketize.000001.out 2>&1
    ./scripts/1-bucketize.sh 2 > ./logs/1-bucketize.000002.out 2>&1

-- Finished on Mon Oct 22 17:55:19 2018 (furiously fast) with 877.884 GB free disk space
----------------------------------------
-- Overlap store bucketizer finished.
-- Finished stage 'utg-overlapStoreBucketizerCheck', reset canuIteration.
--
-- Running jobs.  First attempt out of 2.
----------------------------------------
-- Starting 'ovS' concurrent execution on Mon Oct 22 17:55:19 2018 with 877.884 GB free disk space (2 processes; 2 concurrently)

    cd unitigging/ecoli.ovlStore.BUILDING
    ./scripts/2-sort.sh 1 > ./logs/2-sort.000001.out 2>&1
    ./scripts/2-sort.sh 2 > ./logs/2-sort.000002.out 2>&1

-- Finished on Mon Oct 22 17:55:19 2018 (fast as lightning) with 877.874 GB free disk space
----------------------------------------
-- Overlap store sorter finished.
-- Finished stage 'utg-overlapStoreSorterCheck', reset canuIteration.
----------------------------------------
-- Starting command on Mon Oct 22 17:55:19 2018 with 877.874 GB free disk space

    cd unitigging
    /Users/admin/canu/Darwin-amd64/bin/ovStoreIndexer \
      -O  ./ecoli.ovlStore.BUILDING \
      -S ../ecoli.seqStore \
      -C  ./ecoli.ovlStore.config \
      -delete \
    > ./ecoli.ovlStore.BUILDING.index.err 2>&1

-- Finished on Mon Oct 22 17:55:19 2018 (like a bat out of hell) with 877.881 GB free disk space
----------------------------------------
-- Checking store.
----------------------------------------
-- Starting command on Mon Oct 22 17:55:19 2018 with 877.881 GB free disk space

    cd unitigging
    /Users/admin/canu/Darwin-amd64/bin/ovStoreDump \
     -S ../ecoli.seqStore \
     -O  ./ecoli.ovlStore \
     -counts \
     > ./ecoli.ovlStore/counts.dat 2> ./ecoli.ovlStore/counts.err

-- Finished on Mon Oct 22 17:55:19 2018 (lickety-split) with 877.881 GB free disk space
----------------------------------------
--
-- Overlap store 'unitigging/ecoli.ovlStore' successfully constructed.
-- Found 436714 overlaps for 10989 reads; 1539 reads have no overlaps.
--
--
-- Purged 0.004 GB in 6 overlap output files.
----------------------------------------
-- Starting command on Mon Oct 22 17:55:19 2018 with 877.885 GB free disk space

    cd unitigging
    /Users/admin/canu/Darwin-amd64/bin/ovStoreStats \
     -C 20 \
     -S ../ecoli.seqStore \
     -O  ./ecoli.ovlStore \
     -o  ./ecoli.ovlStore \
     > ./ecoli.ovlStore.summary.err 2>&1

-- Finished on Mon Oct 22 17:55:21 2018 (2 seconds) with 877.885 GB free disk space
----------------------------------------
--
-- Overlap store 'unitigging/ecoli.ovlStore' contains:
--
--   category            reads     %          read length        feature size or coverage  analysis
--   ----------------  -------  -------  ----------------------  ------------------------  --------------------
--   middle-missing          1    0.01    15347.00 +- 0.00          1144.00 +- 0.00       (bad trimming)
--   middle-hump             0    0.00        0.00 +- 0.00             0.00 +- 0.00       (bad trimming)
--   no-5-prime              0    0.00        0.00 +- 0.00             0.00 +- 0.00       (bad trimming)
--   no-3-prime              0    0.00        0.00 +- 0.00             0.00 +- 0.00       (bad trimming)
--   
--   low-coverage            3    0.03     1969.67 +- 48.01            2.54 +- 2.24       (easy to assemble, potential for lower quality consensus)
--   unique              10152   92.38     8557.82 +- 6233.19         20.26 +- 4.42       (easy to assemble, perfect, yay)
--   repeat-cont            37    0.34     1754.14 +- 907.25          65.88 +- 29.35      (potential for consensus errors, no impact on assembly)
--   repeat-dove             0    0.00        0.00 +- 0.00             0.00 +- 0.00       (hard to assemble, likely won't assemble correctly or even at all)
--   
--   span-repeat           600    5.46    12614.17 +- 6945.54       1907.52 +- 2000.91    (read spans a large repeat, usually easy to assemble)
--   uniq-repeat-cont      176    1.60     8006.73 +- 5023.79                             (should be uniquely placed, low potential for consensus errors, no impact on assembly)
--   uniq-repeat-dove       19    0.17    20166.63 +- 2612.71                             (will end contigs, potential to misassemble)
--   uniq-anchor             1    0.01     3598.00 +- 0.00           158.00 +- 0.00       (repeat read, with unique section, probable bad read)
-- Finished stage 'utg-createOverlapStore', reset canuIteration.
--
-- Loading read lengths.
-- Loading number of overlaps per read.
--
-- Configure RED for 8gb memory.
--                   Batches of at most (unlimited) reads.
--                                      500000000 bases.
--                   Expecting evidence of at most 536870912 bases per iteration.
--
--           Total                                               Reads                 Olaps Evidence
--    Job   Memory      Read Range         Reads        Bases   Memory        Olaps   Memory   Memory  (Memory in MB)
--   ---- -------- ------------------- --------- ------------ -------- ------------ -------- --------
--      1  4179.75         1-12528         10989     96329553  1102.75       436714     5.00  1024.00
--   ---- -------- ------------------- --------- ------------ -------- ------------ -------- --------
--                                                   96329553                436714
-- Finished stage 'readErrorDetectionConfigure', reset canuIteration.
--
-- Running jobs.  First attempt out of 2.
----------------------------------------
-- Starting 'red' concurrent execution on Mon Oct 22 17:55:21 2018 with 877.885 GB free disk space (1 processes; 2 concurrently)

    cd unitigging/3-overlapErrorAdjustment
    ./red.sh 1 > ./red.000001.out 2>&1

-- Finished on Mon Oct 22 17:55:27 2018 (6 seconds) with 877.884 GB free disk space
----------------------------------------
-- Found 1 read error detection output files.
-- Finished stage 'readErrorDetectionCheck', reset canuIteration.
--
-- Loading read lengths.
-- Loading number of overlaps per read.
--
-- Configure OEA for 4gb memory.
--                   Batches of at most (unlimited) reads.
--                                      300000000 bases.
--
--           Total                                               Reads                 Olaps  Adjusts
--    Job   Memory      Read Range         Reads        Bases   Memory        Olaps   Memory   Memory  (Memory in MB)
--   ---- -------- ------------------- --------- ------------ -------- ------------ -------- --------
--      1  2484.62         1-12528         10989     96329553   100.20       436714    13.33   323.09
--   ---- -------- ------------------- --------- ------------ -------- ------------ -------- --------
--                                                   96329553                436714
-- Finished stage 'overlapErrorAdjustmentConfigure', reset canuIteration.
--
-- Running jobs.  First attempt out of 2.
----------------------------------------
-- Starting 'oea' concurrent execution on Mon Oct 22 17:55:27 2018 with 877.884 GB free disk space (1 processes; 4 concurrently)

    cd unitigging/3-overlapErrorAdjustment
    ./oea.sh 1 > ./oea.000001.out 2>&1

-- Finished on Mon Oct 22 17:55:35 2018 (8 seconds) with 877.883 GB free disk space
----------------------------------------
-- Found 1 overlap error adjustment output files.
-- Finished stage 'overlapErrorAdjustmentCheck', reset canuIteration.
----------------------------------------
-- Starting command on Mon Oct 22 17:55:35 2018 with 877.883 GB free disk space

    cd unitigging/3-overlapErrorAdjustment
    /Users/admin/canu/Darwin-amd64/bin/loadErates \
      -S ../../ecoli.seqStore \
      -O ../ecoli.ovlStore \
      -L ./oea.files \
    > ./oea.apply.err 2>&1

-- Finished on Mon Oct 22 17:55:35 2018 (furiously fast) with 877.882 GB free disk space
----------------------------------------
-- No report available.
-- Finished stage 'updateOverlapStore', reset canuIteration.
-- Finished stage 'unitig', reset canuIteration.
--
-- Running jobs.  First attempt out of 2.
----------------------------------------
-- Starting 'bat' concurrent execution on Mon Oct 22 17:55:35 2018 with 877.882 GB free disk space (1 processes; 1 concurrently)

    cd unitigging/4-unitigger
    ./unitigger.sh 1 > ./unitigger.000001.out 2>&1

-- Finished on Mon Oct 22 17:55:37 2018 (2 seconds) with 877.878 GB free disk space
----------------------------------------
-- Unitigger finished successfully.
-- Found, in version 1, after unitig construction:
--   contigs:      1 sequences, total length 4644773 bp (including 0 repeats of total length 0 bp).
--   bubbles:      0 sequences, total length 0 bp.
--   unassembled:  1506 sequences, total length 7111660 bp.
--
-- Contig sizes based on genome size 4.8mbp:
--
--            NG (bp)  LG (contigs)    sum (bp)
--         ----------  ------------  ----------
--     10     4644773             1     4644773
--     20     4644773             1     4644773
--     30     4644773             1     4644773
--     40     4644773             1     4644773
--     50     4644773             1     4644773
--     60     4644773             1     4644773
--     70     4644773             1     4644773
--     80     4644773             1     4644773
--     90     4644773             1     4644773
--
-- Finished stage 'unitigCheck', reset canuIteration.
----------------------------------------
-- Starting command on Mon Oct 22 17:55:37 2018 with 877.878 GB free disk space

    cd unitigging
    /Users/admin/canu/Darwin-amd64/bin/sqStoreCreatePartition \
      -S ../ecoli.seqStore \
      -T  ./ecoli.ctgStore 1 \
      -b 15000 \
      -p 8 \
    > ./ecoli.ctgStore/partitionedReads.log 2>&1

-- Finished on Mon Oct 22 17:55:38 2018 (one second) with 877.828 GB free disk space
----------------------------------------
----------------------------------------
-- Starting command on Mon Oct 22 17:55:38 2018 with 877.828 GB free disk space

    cd unitigging
    /Users/admin/canu/Darwin-amd64/bin/sqStoreCreatePartition \
      -S ../ecoli.seqStore \
      -T  ./ecoli.utgStore 1 \
      -b 15000 \
      -p 8 \
    > ./ecoli.utgStore/partitionedReads.log 2>&1

-- Finished on Mon Oct 22 17:55:38 2018 (fast as lightning) with 877.783 GB free disk space
----------------------------------------
-- Using slow alignment for consensus (iteration '0').
-- Configured 1 contig and 1 unitig consensus jobs.
-- Finished stage 'consensusConfigure', reset canuIteration.
--
--                            (tag)Concurrency
--                     (tag)Threads          |
--            (tag)Memory         |          |
--        (tag)         |         |          |     total usage     algorithm
--        -------  ------  --------   --------  -----------------  -----------------------------
-- Local: cns        6 GB    4 CPUs x   2 jobs    12 GB    8 CPUs  (consensus)
--
--
-- Running jobs.  First attempt out of 2.
----------------------------------------
-- Starting 'cns' concurrent execution on Mon Oct 22 17:55:38 2018 with 877.783 GB free disk space (2 processes; 2 concurrently)

    cd unitigging/5-consensus
    ./consensus.sh 1 > ./consensus.000001.out 2>&1
    ./consensus.sh 2 > ./consensus.000002.out 2>&1

-- Finished on Mon Oct 22 17:57:01 2018 (83 seconds) with 877.751 GB free disk space
----------------------------------------
-- Using slow alignment for consensus (iteration '1').
-- Configured 1 contig and 1 unitig consensus jobs.
-- All 2 consensus jobs finished successfully.
-- Finished stage 'consensusCheck', reset canuIteration.
-- Using slow alignment for consensus (iteration '0').
-- Configured 1 contig and 1 unitig consensus jobs.
----------------------------------------
-- Starting command on Mon Oct 22 17:57:01 2018 with 877.751 GB free disk space

    cd unitigging
    /Users/admin/canu/Darwin-amd64/bin/tgStoreLoad \
      -S ../ecoli.seqStore \
      -T  ./ecoli.ctgStore 2 \
      -L ./5-consensus/ctgcns.files \
    > ./5-consensus/ctgcns.files.ctgStoreLoad.err 2>&1

-- Finished on Mon Oct 22 17:57:01 2018 (furiously fast) with 877.728 GB free disk space
----------------------------------------
----------------------------------------
-- Starting command on Mon Oct 22 17:57:01 2018 with 877.728 GB free disk space

    cd unitigging
    /Users/admin/canu/Darwin-amd64/bin/tgStoreLoad \
      -S ../ecoli.seqStore \
      -T  ./ecoli.utgStore 2 \
      -L ./5-consensus/utgcns.files \
    > ./5-consensus/utgcns.files.utgStoreLoad.err 2>&1

-- Finished on Mon Oct 22 17:57:01 2018 (in the blink of an eye) with 877.719 GB free disk space
----------------------------------------
-- Purging consensus output after loading to ctgStore and/or utgStore.
-- Purged 2 .cns outputs.
----------------------------------------
-- Starting command on Mon Oct 22 17:57:01 2018 with 877.846 GB free disk space

    cd unitigging
    /Users/admin/canu/Darwin-amd64/bin/tgStoreDump \
      -S ../ecoli.seqStore \
      -T ./ecoli.ctgStore 2 \
      -sizes -s 4800000 \
    > ./ecoli.ctgStore/seqDB.v002.sizes.txt

-- Finished on Mon Oct 22 17:57:01 2018 (in the blink of an eye) with 877.846 GB free disk space
----------------------------------------
-- Found, in version 2, after consensus generation:
--   contigs:      1 sequences, total length 4639164 bp (including 0 repeats of total length 0 bp).
--   bubbles:      0 sequences, total length 0 bp.
--   unassembled:  1506 sequences, total length 7111660 bp.
--
-- Contig sizes based on genome size 4.8mbp:
--
--            NG (bp)  LG (contigs)    sum (bp)
--         ----------  ------------  ----------
--     10     4639164             1     4639164
--     20     4639164             1     4639164
--     30     4639164             1     4639164
--     40     4639164             1     4639164
--     50     4639164             1     4639164
--     60     4639164             1     4639164
--     70     4639164             1     4639164
--     80     4639164             1     4639164
--     90     4639164             1     4639164
--
-- Finished stage 'consensusLoad', reset canuIteration.
----------------------------------------
-- Starting command on Mon Oct 22 17:57:01 2018 with 877.846 GB free disk space

    cd unitigging
    /Users/admin/canu/Darwin-amd64/bin/tgStoreCoverageStat \
      -S ../ecoli.seqStore \
      -T  ./ecoli.ctgStore 2 \
      -s 4800000 \
      -o ./ecoli.ctgStore.coverageStat \
    > ./ecoli.ctgStore.coverageStat.err 2>&1

-- Finished on Mon Oct 22 17:57:01 2018 (like a bat out of hell) with 877.846 GB free disk space
----------------------------------------
-- Finished stage 'consensusAnalyze', reset canuIteration.
----------------------------------------
-- Starting command on Mon Oct 22 17:57:01 2018 with 877.846 GB free disk space

    cd unitigging/4-unitigger
    ./alignGFA.sh \
    > alignGFA.err 2>&1

-- Finished on Mon Oct 22 17:57:02 2018 (one second) with 877.846 GB free disk space
----------------------------------------
----------------------------------------
-- Starting command on Mon Oct 22 17:57:02 2018 with 877.846 GB free disk space

    cd .
    /Users/admin/canu/Darwin-amd64/bin/tgStoreDump \
      -S ./ecoli.seqStore \
      -T ./unitigging/ecoli.ctgStore 2 \
      -o ./ecoli.contigs \
      -layout \
    > ./ecoli.contigs.layout.err 2>&1

-- Finished on Mon Oct 22 17:57:02 2018 (like a bat out of hell) with 877.823 GB free disk space
----------------------------------------
----------------------------------------
-- Starting command on Mon Oct 22 17:57:02 2018 with 877.823 GB free disk space

    cd .
    /Users/admin/canu/Darwin-amd64/bin/tgStoreDump \
      -S ./ecoli.seqStore \
      -T ./unitigging/ecoli.utgStore 2 \
      -o ./ecoli.unitigs \
      -layout \
    > ./ecoli.unitigs.layout.err 2>&1

-- Finished on Mon Oct 22 17:57:02 2018 (furiously fast) with 877.813 GB free disk space
----------------------------------------
----------------------------------------
-- Starting command on Mon Oct 22 17:57:02 2018 with 877.813 GB free disk space

    cd .
    /Users/admin/canu/Darwin-amd64/bin/tgStoreDump \
      -S ./ecoli.seqStore \
      -T ./unitigging/ecoli.ctgStore 2 \
      -consensus -fasta \
      -unassembled \
    > ./ecoli.unassembled.fasta
    2> ./ecoli.unassembled.err

-- Finished on Mon Oct 22 17:57:02 2018 (fast as lightning) with 877.806 GB free disk space
----------------------------------------
----------------------------------------
-- Starting command on Mon Oct 22 17:57:02 2018 with 877.806 GB free disk space

    cd .
    /Users/admin/canu/Darwin-amd64/bin/tgStoreDump \
      -S ./ecoli.seqStore \
      -T ./unitigging/ecoli.ctgStore 2 \
      -consensus -fasta \
      -contigs \
    > ./ecoli.contigs.fasta
    2> ./ecoli.contigs.err

-- Finished on Mon Oct 22 17:57:02 2018 (furiously fast) with 877.802 GB free disk space
----------------------------------------
----------------------------------------
-- Starting command on Mon Oct 22 17:57:02 2018 with 877.802 GB free disk space

    cd .
    /Users/admin/canu/Darwin-amd64/bin/tgStoreDump \
      -S ./ecoli.seqStore \
      -T ./unitigging/ecoli.utgStore 2 \
      -consensus -fasta \
      -contigs \
    > ./ecoli.unitigs.fasta
    2> ./ecoli.unitigs.err

-- Finished on Mon Oct 22 17:57:02 2018 (furiously fast) with 877.798 GB free disk space
----------------------------------------
-- Finished stage 'generateOutputs', reset canuIteration.
--
-- Assembly 'ecoli' finished in '/Users/admin/Desktop/ecoli-pacbio'.
--
-- Summary saved in 'ecoli.report'.
--
-- Sequences saved:
--   Contigs       -> 'ecoli.contigs.fasta'
--   Unassembled   -> 'ecoli.unassembled.fasta'
--   Unitigs       -> 'ecoli.unitigs.fasta'
--
-- Read layouts saved:
--   Contigs       -> 'ecoli.contigs.layout'.
--   Unitigs       -> 'ecoli.unitigs.layout'.
--
-- Graphs saved:
--   Contigs       -> 'ecoli.contigs.gfa'.
--   Unitigs       -> 'ecoli.unitigs.gfa'.
--
-- Bye.
