-- Canu snapshot v1.7 +518 changes (r9210 22a2453af2eafd0109c9924b648e91711eb3c701)
--
-- CITATIONS
--
-- Koren S, Walenz BP, Berlin K, Miller JR, Phillippy AM.
-- Canu: scalable and accurate long-read assembly via adaptive k-mer weighting and repeat separation.
-- Genome Res. 2017 May;27(5):722-736.
-- http://doi.org/10.1101/gr.215087.116
-- 
-- Koren S, Rhie A, Walenz BP, Dilthey AT, Bickhart DM, Kingan SB, Hiendleder S, Williams JL, Smith TPL, Phillippy AM.
-- De novo assembly of haplotype-resolved genomes with trio binning.
-- Nat Biotechnol. 2018
-- https//doi.org/10.1038/nbt.4277
-- 
-- Read and contig alignments during correction, consensus and GFA building use:
--   Šošic M, Šikic M.
--   Edlib: a C/C ++ library for fast, exact sequence alignment using edit distance.
--   Bioinformatics. 2017 May 1;33(9):1394-1395.
--   http://doi.org/10.1093/bioinformatics/btw753
-- 
-- Overlaps are generated using:
--   Berlin K, et al.
--   Assembling large genomes with single-molecule sequencing and locality-sensitive hashing.
--   Nat Biotechnol. 2015 Jun;33(6):623-30.
--   http://doi.org/10.1038/nbt.3238
-- 
--   Myers EW, et al.
--   A Whole-Genome Assembly of Drosophila.
--   Science. 2000 Mar 24;287(5461):2196-204.
--   http://doi.org/10.1126/science.287.5461.2196
-- 
-- Corrected read consensus sequences are generated using an algorithm derived from FALCON-sense:
--   Chin CS, et al.
--   Phased diploid genome assembly with single-molecule real-time sequencing.
--   Nat Methods. 2016 Dec;13(12):1050-1054.
--   http://doi.org/10.1038/nmeth.4035
-- 
-- Contig consensus sequences are generated using an algorithm derived from pbdagcon:
--   Chin CS, et al.
--   Nonhybrid, finished microbial genome assemblies from long-read SMRT sequencing data.
--   Nat Methods. 2013 Jun;10(6):563-9
--   http://doi.org/10.1038/nmeth.2474
-- 
-- CONFIGURE CANU
--
-- Detected Java(TM) Runtime Environment '1.8.0_191' (from 'java') with -d64 support.
-- Detected gnuplot version '4.6 patchlevel 7   ' (from '/usr/local/opt/gnuplot@4/bin/gnuplot') and image format 'png'.
-- Detected 8 CPUs and 16 gigabytes of memory.
-- No grid engine detected, grid disabled.
--
--                            (tag)Concurrency
--                     (tag)Threads          |
--            (tag)Memory         |          |
--        (tag)         |         |          |     total usage     algorithm
--        -------  ------  --------   --------  -----------------  -----------------------------
-- Local: meryl      8 GB    4 CPUs x   2 jobs    16 GB    8 CPUs  (k-mer counting)
-- Local: hap        8 GB    4 CPUs x   2 jobs    16 GB    8 CPUs  (read-to-haplotype assignment)
-- Local: cormhap    6 GB    8 CPUs x   1 job      6 GB    8 CPUs  (overlap detection with mhap)
-- Local: obtovl     4 GB    8 CPUs x   1 job      4 GB    8 CPUs  (overlap detection)
-- Local: utgovl     4 GB    8 CPUs x   1 job      4 GB    8 CPUs  (overlap detection)
-- Local: ovb        4 GB    1 CPU  x   4 jobs    16 GB    4 CPUs  (overlap store bucketizer)
-- Local: ovs        8 GB    1 CPU  x   2 jobs    16 GB    2 CPUs  (overlap store sorting)
-- Local: red        8 GB    4 CPUs x   2 jobs    16 GB    8 CPUs  (read error detection)
-- Local: oea        4 GB    1 CPU  x   4 jobs    16 GB    4 CPUs  (overlap error adjustment)
-- Local: bat       16 GB    4 CPUs x   1 job     16 GB    4 CPUs  (contig construction with bogart)
-- Local: gfa        8 GB    4 CPUs x   1 job      8 GB    4 CPUs  (GFA alignment and processing)
--
-- Found PacBio uncorrected reads in the input files.
--
-- Generating assembly 'ecoli' in '/Users/admin/Desktop/ecoli-pacbio-0.6'
--
-- Parameters:
--
--  genomeSize        4800000
--
--  Overlap Generation Limits:
--    corOvlErrorRate 0.2400 ( 24.00%)
--    obtOvlErrorRate 0.0450 (  4.50%)
--    utgOvlErrorRate 0.0450 (  4.50%)
--
--  Overlap Processing Limits:
--    corErrorRate    0.3000 ( 30.00%)
--    obtErrorRate    0.0450 (  4.50%)
--    utgErrorRate    0.0450 (  4.50%)
--    cnsErrorRate    0.0750 (  7.50%)
--
--
-- BEGIN CORRECTION
--
----------------------------------------
-- Starting command on Mon Oct 22 20:49:00 2018 with 877.513 GB free disk space

    cd .
    /Users/admin/canu/Darwin-amd64/bin/sqStoreCreate \
      -o ./ecoli.seqStore.BUILDING \
      -minlength 1000 \
      ./ecoli.seqStore.ssi \
    > ./ecoli.seqStore.BUILDING.err 2>&1

-- Finished on Mon Oct 22 20:49:01 2018 (one second) with 877.495 GB free disk space
----------------------------------------
--
-- In sequence store './ecoli.seqStore':
--   Found 7535 reads.
--   Found 69637999 bases (14.5 times coverage).
--
--   Read length histogram (one '*' equals 12.22 reads):
--     1000   1999    856 **********************************************************************
--     2000   2999    795 *****************************************************************
--     3000   3999    652 *****************************************************
--     4000   4999    461 *************************************
--     5000   5999    390 *******************************
--     6000   6999    371 ******************************
--     7000   7999    376 ******************************
--     8000   8999    369 ******************************
--     9000   9999    344 ****************************
--    10000  10999    295 ************************
--    11000  11999    306 *************************
--    12000  12999    260 *********************
--    13000  13999    247 ********************
--    14000  14999    229 ******************
--    15000  15999    216 *****************
--    16000  16999    213 *****************
--    17000  17999    176 **************
--    18000  18999    168 *************
--    19000  19999    154 ************
--    20000  20999    162 *************
--    21000  21999    115 *********
--    22000  22999     93 *******
--    23000  23999     70 *****
--    24000  24999     41 ***
--    25000  25999     32 **
--    26000  26999     37 ***
--    27000  27999     21 *
--    28000  28999     21 *
--    29000  29999      9 
--    30000  30999     12 
--    31000  31999      7 
--    32000  32999      6 
--    33000  33999      6 
--    34000  34999      5 
--    35000  35999      3 
--    36000  36999      7 
--    37000  37999      2 
--    38000  38999      3 
--    39000  39999      2 
--    40000  40999      1 
--    41000  41999      1 
--    42000  42999      1 
----------------------------------------
-- Starting command on Mon Oct 22 20:49:01 2018 with 877.495 GB free disk space

    cd correction/0-mercounts
    ./meryl-configure.sh \
    > ./meryl-configure.err 2>&1

-- Finished on Mon Oct 22 20:49:01 2018 (lickety-split) with 877.495 GB free disk space
----------------------------------------
--  segments   memory batches
--  -------- -------- -------
--        01  0.19 GB       1
--
--  For 7535 reads with 69637999 bases, limit to 1 batch.
--  Will count kmers using 01 jobs, each using 2 GB and 4 threads.
--
-- Finished stage 'merylConfigure', reset canuIteration.
--
-- Running jobs.  First attempt out of 2.
----------------------------------------
-- Starting 'meryl' concurrent execution on Mon Oct 22 20:49:01 2018 with 877.495 GB free disk space (1 processes; 2 concurrently)

    cd correction/0-mercounts
    ./meryl-count.sh 1 > ./meryl-count.000001.out 2>&1

-- Finished on Mon Oct 22 20:49:08 2018 (7 seconds) with 877.229 GB free disk space
----------------------------------------
-- Found 1 Kmer counting (meryl) outputs.
-- Finished stage 'cor-merylCountCheck', reset canuIteration.
--
-- Running jobs.  First attempt out of 2.
----------------------------------------
-- Starting 'meryl' concurrent execution on Mon Oct 22 20:49:08 2018 with 877.229 GB free disk space (1 processes; 2 concurrently)

    cd correction/0-mercounts
    ./meryl-process.sh 1 > ./meryl-process.000001.out 2>&1

-- Finished on Mon Oct 22 20:49:28 2018 (20 seconds) with 877.46 GB free disk space
----------------------------------------
--
--  16-mers                                                                                           Fraction
--    Occurrences   NumMers                                                                         Unique Total
--       1-     1         0                                                                        0.0000 0.0000
--       2-     2   3913880 ********************************************************************** 0.5939 0.4139
--       3-     4   1963179 ***********************************                                    0.7868 0.6156
--       5-     7    632636 ***********                                                            0.9480 0.8600
--       8-    11     62393 *                                                                      0.9931 0.9623
--      12-    16      8841                                                                        0.9976 0.9778
--      17-    22      4590                                                                        0.9987 0.9833
--      23-    29      2299                                                                        0.9993 0.9876
--      30-    37      1231                                                                        0.9997 0.9905
--      38-    46       557                                                                        0.9998 0.9925
--      47-    56       179                                                                        0.9999 0.9936
--      57-    67       123                                                                        0.9999 0.9940
--      68-    79        64                                                                        0.9999 0.9944
--      80-    92        54                                                                        0.9999 0.9946
--      93-   106        37                                                                        1.0000 0.9949
--     107-   121        33                                                                        1.0000 0.9951
--     122-   137        33                                                                        1.0000 0.9953
--     138-   154        32                                                                        1.0000 0.9955
--     155-   172        25                                                                        1.0000 0.9957
--     173-   191        17                                                                        1.0000 0.9959
--     192-   211        17                                                                        1.0000 0.9961
--     212-   232         8                                                                        1.0000 0.9963
--     233-   254        11                                                                        1.0000 0.9964
--     255-   277        12                                                                        1.0000 0.9965
--     278-   301        10                                                                        1.0000 0.9967
--     302-   326        14                                                                        1.0000 0.9969
--     327-   352        13                                                                        1.0000 0.9971
--     353-   379         9                                                                        1.0000 0.9973
--     380-   407         5                                                                        1.0000 0.9975
--     408-   436         5                                                                        1.0000 0.9976
--     437-   466         4                                                                        1.0000 0.9977
--     467-   497         0                                                                        0.0000 0.0000
--     498-   529         2                                                                        1.0000 0.9978
--     530-   562         2                                                                        1.0000 0.9979
--     563-   596         0                                                                        0.0000 0.0000
--     597-   631         1                                                                        1.0000 0.9979
--     632-   667         0                                                                        0.0000 0.0000
--     668-   704         1                                                                        1.0000 0.9980
--     705-   742         1                                                                        1.0000 0.9980
--     743-   781         1                                                                        1.0000 0.9981
--
--           0 (max occurrences)
--    18911384 (total mers, non-unique)
--     6590327 (distinct mers, non-unique)
--           0 (unique mers)
-- Finished stage 'meryl-process', reset canuIteration.
--
-- OVERLAPPER (mhap) (correction)
--
-- Set corMhapSensitivity=high based on read coverage of 14.
--
-- PARAMETERS: hashes=768, minMatches=2, threshold=0.73
--
-- Given 5.4 GB, can fit 8100 reads per block.
-- For 2 blocks, set stride to 2 blocks.
-- Logging partitioning to 'correction/1-overlapper/partitioning.log'.
-- Configured 1 mhap precompute jobs.
-- Configured 1 mhap overlap jobs.
-- Finished stage 'cor-mhapConfigure', reset canuIteration.
--
-- Running jobs.  First attempt out of 2.
----------------------------------------
-- Starting 'cormhap' concurrent execution on Mon Oct 22 20:49:28 2018 with 877.46 GB free disk space (1 processes; 1 concurrently)

    cd correction/1-overlapper
    ./precompute.sh 1 > ./precompute.000001.out 2>&1

-- Finished on Mon Oct 22 20:54:10 2018 (282 seconds) with 877.247 GB free disk space
----------------------------------------
-- All 1 mhap precompute jobs finished successfully.
-- Finished stage 'cor-mhapPrecomputeCheck', reset canuIteration.
--
-- Running jobs.  First attempt out of 2.
----------------------------------------
-- Starting 'cormhap' concurrent execution on Mon Oct 22 20:54:10 2018 with 877.247 GB free disk space (1 processes; 1 concurrently)

    cd correction/1-overlapper
    ./mhap.sh 1 > ./mhap.000001.out 2>&1

-- Finished on Mon Oct 22 20:54:16 2018 (6 seconds) with 877.245 GB free disk space
----------------------------------------
-- Found 1 mhap overlap output files.
-- Finished stage 'cor-mhapCheck', reset canuIteration.
----------------------------------------
-- Starting command on Mon Oct 22 20:54:16 2018 with 877.245 GB free disk space

    cd correction
    /Users/admin/canu/Darwin-amd64/bin/ovStoreConfig \
     -S ../ecoli.seqStore \
     -M 4-8 \
     -L ./1-overlapper/ovljob.files \
     -create ./ecoli.ovlStore.config \
     > ./ecoli.ovlStore.config.txt \
    2> ./ecoli.ovlStore.config.err

-- Finished on Mon Oct 22 20:54:16 2018 (furiously fast) with 877.245 GB free disk space
----------------------------------------
--
-- Creating overlap store correction/ecoli.ovlStore using:
--      1 bucket
--      2 slices
--        using at most 1 GB memory each
-- Finished stage 'cor-overlapStoreConfigure', reset canuIteration.
--
-- Running jobs.  First attempt out of 2.
----------------------------------------
-- Starting 'ovB' concurrent execution on Mon Oct 22 20:54:16 2018 with 877.245 GB free disk space (1 processes; 4 concurrently)

    cd correction/ecoli.ovlStore.BUILDING
    ./scripts/1-bucketize.sh 1 > ./logs/1-bucketize.000001.out 2>&1

-- Finished on Mon Oct 22 20:54:17 2018 (one second) with 877.242 GB free disk space
----------------------------------------
-- Overlap store bucketizer finished.
-- Finished stage 'cor-overlapStoreBucketizerCheck', reset canuIteration.
--
-- Running jobs.  First attempt out of 2.
----------------------------------------
-- Starting 'ovS' concurrent execution on Mon Oct 22 20:54:17 2018 with 877.242 GB free disk space (2 processes; 2 concurrently)

    cd correction/ecoli.ovlStore.BUILDING
    ./scripts/2-sort.sh 1 > ./logs/2-sort.000001.out 2>&1
    ./scripts/2-sort.sh 2 > ./logs/2-sort.000002.out 2>&1

-- Finished on Mon Oct 22 20:54:17 2018 (lickety-split) with 877.235 GB free disk space
----------------------------------------
-- Overlap store sorter finished.
-- Finished stage 'cor-overlapStoreSorterCheck', reset canuIteration.
----------------------------------------
-- Starting command on Mon Oct 22 20:54:17 2018 with 877.235 GB free disk space

    cd correction
    /Users/admin/canu/Darwin-amd64/bin/ovStoreIndexer \
      -O  ./ecoli.ovlStore.BUILDING \
      -S ../ecoli.seqStore \
      -C  ./ecoli.ovlStore.config \
      -delete \
    > ./ecoli.ovlStore.BUILDING.index.err 2>&1

-- Finished on Mon Oct 22 20:54:17 2018 (like a bat out of hell) with 877.24 GB free disk space
----------------------------------------
-- Checking store.
----------------------------------------
-- Starting command on Mon Oct 22 20:54:17 2018 with 877.24 GB free disk space

    cd correction
    /Users/admin/canu/Darwin-amd64/bin/ovStoreDump \
     -S ../ecoli.seqStore \
     -O  ./ecoli.ovlStore \
     -counts \
     > ./ecoli.ovlStore/counts.dat 2> ./ecoli.ovlStore/counts.err

-- Finished on Mon Oct 22 20:54:17 2018 (lickety-split) with 877.24 GB free disk space
----------------------------------------
--
-- Overlap store 'correction/ecoli.ovlStore' successfully constructed.
-- Found 178488 overlaps for 7408 reads; 127 reads have no overlaps.
--
--
-- Purged 0.216 GB in 3 overlap output files.
-- Finished stage 'cor-createOverlapStore', reset canuIteration.
-- Set corMinCoverage=0 based on read coverage of 14.
-- Global filter scores will be estimated.
-- Computing correction layouts.
----------------------------------------
-- Starting command on Mon Oct 22 20:54:17 2018 with 877.456 GB free disk space

    cd correction
    /Users/admin/canu/Darwin-amd64/bin/generateCorrectionLayouts \
      -S ../ecoli.seqStore \
      -O  ./ecoli.ovlStore \
      -C  ./ecoli.corStore.WORKING \
      -eC 80 \
    > ./ecoli.corStore.err 2>&1

-- Finished on Mon Oct 22 20:54:18 2018 (one second) with 877.449 GB free disk space
----------------------------------------
-- Finished stage 'cor-buildCorrectionLayoutsConfigure', reset canuIteration.
-- Computing correction layouts.
----------------------------------------
-- Starting command on Mon Oct 22 20:54:18 2018 with 877.449 GB free disk space

    cd correction/2-correction
    /Users/admin/canu/Darwin-amd64/bin/filterCorrectionLayouts \
      -S  ../../ecoli.seqStore \
      -C     ../ecoli.corStore \
      -R      ./ecoli.readsToCorrect.WORKING \
      -cc 0 \
      -cl 1000 \
      -g  4800000 \
      -c  40 \
    > ./ecoli.readsToCorrect.err 2>&1

-- Finished on Mon Oct 22 20:54:18 2018 (in the blink of an eye) with 877.448 GB free disk space
----------------------------------------
--                             original      original
--                            raw reads     raw reads
--   category                w/overlaps  w/o/overlaps
--   -------------------- ------------- -------------
--   Number of Reads               7393           142
--   Number of Bases           68722062         89503
--   Coverage                    14.317         0.019
--   Median                        7733             0
--   Mean                          9295           630
--   N50                          14135         13641
--   Minimum                       1001             0
--   Maximum                      42279         14365
--   
--                                        --------corrected---------  ----------rescued----------
--                             evidence                     expected                     expected
--   category                     reads            raw     corrected            raw     corrected
--   -------------------- -------------  ------------- -------------  ------------- -------------
--   Number of Reads               7408           7392          7392              0             0
--   Number of Bases           68811565       68679783      67402168              0             0
--   Coverage                    14.336         14.308        14.042          0.000         0.000
--   Median                        7732           7733          7553              0             0
--   Mean                          9288           9291          9118              0             0
--   N50                          14130          14130         13992              0             0
--   Minimum                       1001           1001             4              0             0
--   Maximum                      42279          41342         41331              0             0
--   
--                        --------uncorrected--------
--                                           expected
--   category                       raw     corrected
--   -------------------- ------------- -------------
--   Number of Reads                143           143
--   Number of Bases             131782         42278
--   Coverage                     0.027         0.009
--   Median                           0             0
--   Mean                           921           295
--   N50                          14365             0
--   Minimum                          0             0
--   Maximum                      42279         42278
--   
--   Maximum Memory           915808754
-- Finished stage 'cor-filterCorrectionLayouts', reset canuIteration.
--
--                            (tag)Concurrency
--                     (tag)Threads          |
--            (tag)Memory         |          |
--        (tag)         |         |          |     total usage     algorithm
--        -------  ------  --------   --------  -----------------  -----------------------------
-- Local: cor        3 GB    4 CPUs x   2 jobs     6 GB    8 CPUs  (read correction)
--
-- Using overlaps no worse than 0.3 fraction error for correcting reads (from corErrorRate parameter).
-- Finished stage 'cor-generateCorrectedReadsConfigure', reset canuIteration.
--
-- Running jobs.  First attempt out of 2.
----------------------------------------
-- Starting 'cor' concurrent execution on Mon Oct 22 20:54:18 2018 with 877.448 GB free disk space (2 processes; 2 concurrently)

    cd correction/2-correction
    ./correctReads.sh 1 > ./correctReads.000001.out 2>&1
    ./correctReads.sh 2 > ./correctReads.000002.out 2>&1

-- Finished on Mon Oct 22 20:58:58 2018 (280 seconds) with 877.319 GB free disk space
----------------------------------------
-- Found 2 read correction output files.
-- Finished stage 'cor-generateCorrectedReadsCheck', reset canuIteration.
-- Found 2 read correction output files.
-- Finished stage 'cor-generateCorrectedReadsCheck', reset canuIteration.
--
-- Loading corrected reads into corStore and seqStore.
----------------------------------------
-- Starting command on Mon Oct 22 20:58:58 2018 with 877.319 GB free disk space

    cd correction
    /Users/admin/canu/Darwin-amd64/bin/loadCorrectedReads \
      -S ../ecoli.seqStore \
      -C ./ecoli.corStore \
      -L ./2-correction/corjob.files \
    >  ./ecoli.loadCorrectedReads.log \
    2> ./ecoli.loadCorrectedReads.err

-- Finished on Mon Oct 22 20:58:59 2018 (one second) with 877.286 GB free disk space
----------------------------------------
--
-- In sequence store './ecoli.seqStore':
--   Found 7392 reads.
--   Found 65540980 bases (13.65 times coverage).
--
--   Read length histogram (one '*' equals 12.35 reads):
--        0    999     17 *
--     1000   1999    865 **********************************************************************
--     2000   2999    822 ******************************************************************
--     3000   3999    638 ***************************************************
--     4000   4999    444 ***********************************
--     5000   5999    378 ******************************
--     6000   6999    402 ********************************
--     7000   7999    413 *********************************
--     8000   8999    347 ****************************
--     9000   9999    326 **************************
--    10000  10999    311 *************************
--    11000  11999    311 *************************
--    12000  12999    240 *******************
--    13000  13999    234 ******************
--    14000  14999    218 *****************
--    15000  15999    212 *****************
--    16000  16999    202 ****************
--    17000  17999    194 ***************
--    18000  18999    143 ***********
--    19000  19999    166 *************
--    20000  20999    134 **********
--    21000  21999     91 *******
--    22000  22999     67 *****
--    23000  23999     43 ***
--    24000  24999     42 ***
--    25000  25999     29 **
--    26000  26999     24 *
--    27000  27999     18 *
--    28000  28999     11 
--    29000  29999      8 
--    30000  30999      5 
--    31000  31999     11 
--    32000  32999      5 
--    33000  33999      3 
--    34000  34999      5 
--    35000  35999      4 
--    36000  36999      4 
--    37000  37999      0 
--    38000  38999      1 
--    39000  39999      3 
--    40000  40999      1 
--
-- Purging correctReads output after loading into stores.
-- Purged 2 .cns outputs.
-- Purged 4 .out job log outputs.
--
-- Purging overlaps used for correction.
-- Finished stage 'cor-loadCorrectedReads', reset canuIteration.
----------------------------------------
-- Starting command on Mon Oct 22 20:58:59 2018 with 877.421 GB free disk space

    cd .
    /Users/admin/canu/Darwin-amd64/bin/sqStoreDumpFASTQ \
      -corrected \
      -S ./ecoli.seqStore \
      -o ./ecoli.correctedReads.gz \
      -fasta \
      -nolibname \
    > ecoli.correctedReads.fasta.err 2>&1

-- Finished on Mon Oct 22 20:59:00 2018 (one second) with 877.4 GB free disk space
----------------------------------------
--
-- Corrected reads saved in 'ecoli.correctedReads.fasta.gz'.
-- Finished stage 'cor-dumpCorrectedReads', reset canuIteration.
--
--
-- BEGIN TRIMMING
--
----------------------------------------
-- Starting command on Mon Oct 22 20:59:00 2018 with 877.4 GB free disk space

    cd trimming/0-mercounts
    ./meryl-configure.sh \
    > ./meryl-configure.err 2>&1

-- Finished on Mon Oct 22 20:59:00 2018 (like a bat out of hell) with 877.4 GB free disk space
----------------------------------------
--  segments   memory batches
--  -------- -------- -------
--        01  0.31 GB       1
--
--  For 7392 reads with 65540980 bases, limit to 1 batch.
--  Will count kmers using 01 jobs, each using 2 GB and 4 threads.
--
-- Finished stage 'merylConfigure', reset canuIteration.
--
-- Running jobs.  First attempt out of 2.
----------------------------------------
-- Starting 'meryl' concurrent execution on Mon Oct 22 20:59:00 2018 with 877.4 GB free disk space (1 processes; 2 concurrently)

    cd trimming/0-mercounts
    ./meryl-count.sh 1 > ./meryl-count.000001.out 2>&1

-- Finished on Mon Oct 22 20:59:06 2018 (6 seconds) with 877.291 GB free disk space
----------------------------------------
-- Found 1 Kmer counting (meryl) outputs.
-- Finished stage 'obt-merylCountCheck', reset canuIteration.
--
-- Running jobs.  First attempt out of 2.
----------------------------------------
-- Starting 'meryl' concurrent execution on Mon Oct 22 20:59:06 2018 with 877.291 GB free disk space (1 processes; 2 concurrently)

    cd trimming/0-mercounts
    ./meryl-process.sh 1 > ./meryl-process.000001.out 2>&1

-- Finished on Mon Oct 22 20:59:25 2018 (19 seconds) with 877.363 GB free disk space
----------------------------------------
--
--  22-mers                                                                                           Fraction
--    Occurrences   NumMers                                                                         Unique Total
--       1-     1         0                                                                        0.0000 0.0000
--       2-     2    738865 *********************************                                      0.1304 0.0276
--       3-     4    623469 ****************************                                           0.1941 0.0478
--       5-     7    827599 *************************************                                  0.2849 0.0910
--       8-    11   1529828 ********************************************************************** 0.4466 0.2122
--      12-    16   1441538 *****************************************************************      0.7227 0.5192
--      17-    22    444059 ********************                                                   0.9365 0.8498
--      23-    29     38567 *                                                                      0.9919 0.9640
--      30-    37      6523                                                                        0.9963 0.9760
--      38-    46      4597                                                                        0.9972 0.9794
--      47-    56      2932                                                                        0.9980 0.9831
--      57-    67      1593                                                                        0.9985 0.9855
--      68-    79      3041                                                                        0.9988 0.9876
--      80-    92      1548                                                                        0.9993 0.9918
--      93-   106       999                                                                        0.9996 0.9939
--     107-   121       215                                                                        0.9997 0.9957
--     122-   137       252                                                                        0.9998 0.9962
--     138-   154       553                                                                        0.9998 0.9968
--     155-   172       353                                                                        0.9999 0.9983
--     173-   191        13                                                                        1.0000 0.9994
--     192-   211         5                                                                        1.0000 0.9994
--     212-   232         4                                                                        1.0000 0.9994
--     233-   254         0                                                                        0.0000 0.0000
--     255-   277         2                                                                        1.0000 0.9994
--     278-   301         7                                                                        1.0000 0.9994
--     302-   326         2                                                                        1.0000 0.9995
--     327-   352         4                                                                        1.0000 0.9995
--     353-   379         4                                                                        1.0000 0.9995
--     380-   407         1                                                                        1.0000 0.9995
--     408-   436         2                                                                        1.0000 0.9996
--     437-   466         3                                                                        1.0000 0.9996
--     467-   497         6                                                                        1.0000 0.9996
--     498-   529         2                                                                        1.0000 0.9997
--     530-   562         7                                                                        1.0000 0.9997
--     563-   596         3                                                                        1.0000 0.9997
--     597-   631         1                                                                        1.0000 0.9998
--     632-   667         1                                                                        1.0000 0.9998
--     668-   704         0                                                                        0.0000 0.0000
--     705-   742         2                                                                        1.0000 0.9998
--     743-   781         3                                                                        1.0000 0.9998
--
--           0 (max occurrences)
--    53524694 (total mers, non-unique)
--     5666608 (distinct mers, non-unique)
--           0 (unique mers)
-- Finished stage 'meryl-process', reset canuIteration.
--
-- OVERLAPPER (normal) (trimming) erate=0.045
--
----------------------------------------
-- Starting command on Mon Oct 22 20:59:25 2018 with 877.363 GB free disk space

    cd trimming/1-overlapper
    /Users/admin/canu/Darwin-amd64/bin/overlapInCorePartition \
     -S  ../../ecoli.seqStore \
     -hl 80000000 \
     -rl 1000000000 \
     -ol 500 \
     -o  ./ecoli.partition \
    > ./ecoli.partition.err 2>&1

-- Finished on Mon Oct 22 20:59:25 2018 (fast as lightning) with 877.363 GB free disk space
----------------------------------------
--
-- Configured 1 overlapInCore jobs.
-- Finished stage 'obt-overlapConfigure', reset canuIteration.
--
-- Running jobs.  First attempt out of 2.
----------------------------------------
-- Starting 'obtovl' concurrent execution on Mon Oct 22 20:59:25 2018 with 877.363 GB free disk space (1 processes; 1 concurrently)

    cd trimming/1-overlapper
    ./overlap.sh 1 > ./overlap.000001.out 2>&1

-- Finished on Mon Oct 22 21:00:16 2018 (51 seconds) with 877.361 GB free disk space
----------------------------------------
-- Found 1 overlapInCore output files.
--
-- overlapInCore compute 'trimming/1-overlapper':
--   kmer hits
--     with no overlap           289617      289617 +- 0
--     with an overlap           111212      111212 +- 0
--
--   overlaps                    111204      111204 +- 0
--     contained                      0           0 +- 0
--     dovetail                       0           0 +- 0
--
--   overlaps rejected
--     multiple per pair              0           0 +- 0
--     bad short window               0           0 +- 0
--     bad long window                0           0 +- 0
-- Finished stage 'obt-overlapCheck', reset canuIteration.
----------------------------------------
-- Starting command on Mon Oct 22 21:00:16 2018 with 877.361 GB free disk space

    cd trimming
    /Users/admin/canu/Darwin-amd64/bin/ovStoreConfig \
     -S ../ecoli.seqStore \
     -M 1 \
     -L ./1-overlapper/ovljob.files \
     -create ./ecoli.ovlStore.config \
     > ./ecoli.ovlStore.config.txt \
    2> ./ecoli.ovlStore.config.err

-- Finished on Mon Oct 22 21:00:16 2018 (in the blink of an eye) with 877.361 GB free disk space
----------------------------------------
--
-- Creating overlap store trimming/ecoli.ovlStore using:
--      1 bucket
--      2 slices
--        using at most 1 GB memory each
-- Finished stage 'obt-overlapStoreConfigure', reset canuIteration.
--
-- Running jobs.  First attempt out of 2.
----------------------------------------
-- Starting 'ovB' concurrent execution on Mon Oct 22 21:00:16 2018 with 877.361 GB free disk space (1 processes; 4 concurrently)

    cd trimming/ecoli.ovlStore.BUILDING
    ./scripts/1-bucketize.sh 1 > ./logs/1-bucketize.000001.out 2>&1

-- Finished on Mon Oct 22 21:00:16 2018 (like a bat out of hell) with 877.357 GB free disk space
----------------------------------------
-- Overlap store bucketizer finished.
-- Finished stage 'obt-overlapStoreBucketizerCheck', reset canuIteration.
--
-- Running jobs.  First attempt out of 2.
----------------------------------------
-- Starting 'ovS' concurrent execution on Mon Oct 22 21:00:16 2018 with 877.357 GB free disk space (2 processes; 2 concurrently)

    cd trimming/ecoli.ovlStore.BUILDING
    ./scripts/2-sort.sh 1 > ./logs/2-sort.000001.out 2>&1
    ./scripts/2-sort.sh 2 > ./logs/2-sort.000002.out 2>&1

-- Finished on Mon Oct 22 21:00:16 2018 (in the blink of an eye) with 877.351 GB free disk space
----------------------------------------
-- Overlap store sorter finished.
-- Finished stage 'obt-overlapStoreSorterCheck', reset canuIteration.
----------------------------------------
-- Starting command on Mon Oct 22 21:00:16 2018 with 877.351 GB free disk space

    cd trimming
    /Users/admin/canu/Darwin-amd64/bin/ovStoreIndexer \
      -O  ./ecoli.ovlStore.BUILDING \
      -S ../ecoli.seqStore \
      -C  ./ecoli.ovlStore.config \
      -delete \
    > ./ecoli.ovlStore.BUILDING.index.err 2>&1

-- Finished on Mon Oct 22 21:00:16 2018 (fast as lightning) with 877.355 GB free disk space
----------------------------------------
-- Checking store.
----------------------------------------
-- Starting command on Mon Oct 22 21:00:16 2018 with 877.355 GB free disk space

    cd trimming
    /Users/admin/canu/Darwin-amd64/bin/ovStoreDump \
     -S ../ecoli.seqStore \
     -O  ./ecoli.ovlStore \
     -counts \
     > ./ecoli.ovlStore/counts.dat 2> ./ecoli.ovlStore/counts.err

-- Finished on Mon Oct 22 21:00:16 2018 (fast as lightning) with 877.355 GB free disk space
----------------------------------------
--
-- Overlap store 'trimming/ecoli.ovlStore' successfully constructed.
-- Found 222424 overlaps for 6781 reads; 754 reads have no overlaps.
--
--
-- Purged 0.002 GB in 3 overlap output files.
-- Finished stage 'obt-createOverlapStore', reset canuIteration.
----------------------------------------
-- Starting command on Mon Oct 22 21:00:16 2018 with 877.358 GB free disk space

    cd trimming/3-overlapbasedtrimming
    /Users/admin/canu/Darwin-amd64/bin/trimReads \
      -S  ../../ecoli.seqStore \
      -O  ../ecoli.ovlStore \
      -Co ./ecoli.1.trimReads.clear \
      -e  0.045 \
      -minlength 1000 \
      -ol 1 \
      -oc 1 \
      -o  ./ecoli.1.trimReads \
    >     ./ecoli.1.trimReads.err 2>&1

-- Finished on Mon Oct 22 21:00:17 2018 (one second) with 877.357 GB free disk space
----------------------------------------
--  PARAMETERS:
--  ----------
--     1000    (reads trimmed below this many bases are deleted)
--   0.0450    (use overlaps at or below this fraction error)
--        1    (break region if overlap is less than this long, for 'largest covered' algorithm)
--        1    (break region if overlap coverage is less than this many read, for 'largest covered' algorithm)
--  
--  INPUT READS:
--  -----------
--    7535 reads     65540980 bases (reads processed)
--       0 reads            0 bases (reads not processed, previously deleted)
--       0 reads            0 bases (reads not processed, in a library where trimming isn't allowed)
--  
--  OUTPUT READS:
--  ------------
--    6505 reads     55525186 bases (trimmed reads output)
--      97 reads       723776 bases (reads with no change, kept as is)
--     754 reads      3778573 bases (reads with no overlaps, deleted)
--     179 reads       482170 bases (reads with short trimmed length, deleted)
--  
--  TRIMMING DETAILS:
--  ----------------
--    5620 reads      2867827 bases (bases trimmed from the 5' end of a read)
--    6068 reads      2163448 bases (bases trimmed from the 3' end of a read)
-- Finished stage 'obt-trimReads', reset canuIteration.
----------------------------------------
-- Starting command on Mon Oct 22 21:00:17 2018 with 877.357 GB free disk space

    cd trimming/3-overlapbasedtrimming
    /Users/admin/canu/Darwin-amd64/bin/splitReads \
      -S  ../../ecoli.seqStore \
      -O  ../ecoli.ovlStore \
      -Ci ./ecoli.1.trimReads.clear \
      -Co ./ecoli.2.splitReads.clear \
      -e  0.045 \
      -minlength 1000 \
      -o  ./ecoli.2.splitReads \
    >     ./ecoli.2.splitReads.err 2>&1

-- Finished on Mon Oct 22 21:00:18 2018 (one second) with 877.357 GB free disk space
----------------------------------------
--  PARAMETERS:
--  ----------
--     1000    (reads trimmed below this many bases are deleted)
--   0.0450    (use overlaps at or below this fraction error)
--  INPUT READS:
--  -----------
--    6602 reads     61280237 bases (reads processed)
--     933 reads      4260743 bases (reads not processed, previously deleted)
--       0 reads            0 bases (reads not processed, in a library where trimming isn't allowed)
--  
--  PROCESSED:
--  --------
--       0 reads            0 bases (no overlaps)
--       0 reads            0 bases (no coverage after adjusting for trimming done already)
--       0 reads            0 bases (processed for chimera)
--       0 reads            0 bases (processed for spur)
--    6602 reads     61280237 bases (processed for subreads)
--  
--  READS WITH SIGNALS:
--  ------------------
--       0 reads            0 signals (number of 5' spur signal)
--       0 reads            0 signals (number of 3' spur signal)
--       0 reads            0 signals (number of chimera signal)
--       4 reads            4 signals (number of subread signal)
--  
--  SIGNALS:
--  -------
--       0 reads            0 bases (size of 5' spur signal)
--       0 reads            0 bases (size of 3' spur signal)
--       0 reads            0 bases (size of chimera signal)
--       4 reads          369 bases (size of subread signal)
--  
--  TRIMMING:
--  --------
--       2 reads         9755 bases (trimmed from the 5' end of the read)
--       2 reads         2932 bases (trimmed from the 3' end of the read)
-- Finished stage 'obt-splitReads', reset canuIteration.
----------------------------------------
-- Starting command on Mon Oct 22 21:00:18 2018 with 877.357 GB free disk space

    cd trimming/3-overlapbasedtrimming
    /Users/admin/canu/Darwin-amd64/bin/loadTrimmedReads \
      -S ../../ecoli.seqStore \
      -c ./ecoli.2.splitReads.clear \
    > ./ecoli.loadtrimmedReads.err 2>&1

-- Finished on Mon Oct 22 21:00:18 2018 (lickety-split) with 877.357 GB free disk space
----------------------------------------
--
-- In sequence store './ecoli.seqStore':
--   Found 6602 reads.
--   Found 56236275 bases (11.71 times coverage).
--
--   Read length histogram (one '*' equals 11.12 reads):
--     1000   1999    779 **********************************************************************
--     2000   2999    732 *****************************************************************
--     3000   3999    578 ***************************************************
--     4000   4999    433 **************************************
--     5000   5999    372 *********************************
--     6000   6999    378 *********************************
--     7000   7999    394 ***********************************
--     8000   8999    311 ***************************
--     9000   9999    300 **************************
--    10000  10999    298 **************************
--    11000  11999    256 ***********************
--    12000  12999    211 ******************
--    13000  13999    220 *******************
--    14000  14999    207 ******************
--    15000  15999    187 ****************
--    16000  16999    162 **************
--    17000  17999    165 **************
--    18000  18999    136 ************
--    19000  19999    124 ***********
--    20000  20999    103 *********
--    21000  21999     69 ******
--    22000  22999     51 ****
--    23000  23999     36 ***
--    24000  24999     29 **
--    25000  25999     19 *
--    26000  26999     19 *
--    27000  27999     11 
--    28000  28999      5 
--    29000  29999      2 
--    30000  30999      6 
--    31000  31999      2 
--    32000  32999      2 
--    33000  33999      0 
--    34000  34999      2 
--    35000  35999      1 
--    36000  36999      1 
--    37000  37999      0 
--    38000  38999      0 
--    39000  39999      1 
--
-- Purging overlaps used for trimming.
-- Finished stage 'obt-dumpReads', reset canuIteration.
----------------------------------------
-- Starting command on Mon Oct 22 21:00:18 2018 with 877.362 GB free disk space

    cd .
    /Users/admin/canu/Darwin-amd64/bin/sqStoreDumpFASTQ \
      -trimmed \
      -S ./ecoli.seqStore \
      -o ./ecoli.trimmedReads.gz \
      -fasta \
      -nolibname \
    > ./ecoli.trimmedReads.fasta.err 2>&1

-- Finished on Mon Oct 22 21:00:18 2018 (in the blink of an eye) with 877.345 GB free disk space
----------------------------------------
--
-- Trimmed reads saved in 'ecoli.trimmedReads.fasta.gz'.
-- Finished stage 'cor-dumpTrimmedReads', reset canuIteration.
--
--
-- BEGIN ASSEMBLY
--
----------------------------------------
-- Starting command on Mon Oct 22 21:00:18 2018 with 877.345 GB free disk space

    cd unitigging/0-mercounts
    ./meryl-configure.sh \
    > ./meryl-configure.err 2>&1

-- Finished on Mon Oct 22 21:00:19 2018 (one second) with 877.345 GB free disk space
----------------------------------------
--  segments   memory batches
--  -------- -------- -------
--        01  0.25 GB       1
--
--  For 6602 reads with 56236275 bases, limit to 1 batch.
--  Will count kmers using 01 jobs, each using 2 GB and 4 threads.
--
-- Finished stage 'merylConfigure', reset canuIteration.
--
-- Running jobs.  First attempt out of 2.
----------------------------------------
-- Starting 'meryl' concurrent execution on Mon Oct 22 21:00:19 2018 with 877.345 GB free disk space (1 processes; 2 concurrently)

    cd unitigging/0-mercounts
    ./meryl-count.sh 1 > ./meryl-count.000001.out 2>&1

-- Finished on Mon Oct 22 21:00:24 2018 (5 seconds) with 877.283 GB free disk space
----------------------------------------
-- Found 1 Kmer counting (meryl) outputs.
-- Finished stage 'utg-merylCountCheck', reset canuIteration.
--
-- Running jobs.  First attempt out of 2.
----------------------------------------
-- Starting 'meryl' concurrent execution on Mon Oct 22 21:00:24 2018 with 877.283 GB free disk space (1 processes; 2 concurrently)

    cd unitigging/0-mercounts
    ./meryl-process.sh 1 > ./meryl-process.000001.out 2>&1

-- Finished on Mon Oct 22 21:00:43 2018 (19 seconds) with 877.309 GB free disk space
----------------------------------------
--
--  22-mers                                                                                           Fraction
--    Occurrences   NumMers                                                                         Unique Total
--       1-     1         0                                                                        0.0000 0.0000
--       2-     2    677555 ******************************                                         0.1224 0.0261
--       3-     4    616237 ****************************                                           0.1861 0.0464
--       5-     7    848494 **************************************                                 0.2800 0.0913
--       8-    11   1536839 ********************************************************************** 0.4491 0.2186
--      12-    16   1391851 ***************************************************************        0.7312 0.5334
--      17-    22    409556 ******************                                                     0.9404 0.8581
--      23-    29     33601 *                                                                      0.9924 0.9656
--      30-    37      6318                                                                        0.9963 0.9763
--      38-    46      4825                                                                        0.9973 0.9798
--      47-    56      2469                                                                        0.9981 0.9839
--      57-    67      1740                                                                        0.9985 0.9857
--      68-    79      3300                                                                        0.9988 0.9880
--      80-    92      1116                                                                        0.9994 0.9927
--      93-   106       984                                                                        0.9996 0.9942
--     107-   121       190                                                                        0.9998 0.9960
--     122-   137       320                                                                        0.9998 0.9964
--     138-   154       527                                                                        0.9999 0.9973
--     155-   172       267                                                                        0.9999 0.9987
--     173-   191         8                                                                        1.0000 0.9995
--     192-   211         6                                                                        1.0000 0.9995
--     212-   232         1                                                                        1.0000 0.9995
--     233-   254         0                                                                        0.0000 0.0000
--     255-   277         4                                                                        1.0000 0.9995
--     278-   301         4                                                                        1.0000 0.9995
--     302-   326         6                                                                        1.0000 0.9996
--     327-   352         0                                                                        0.0000 0.0000
--     353-   379         4                                                                        1.0000 0.9996
--     380-   407         1                                                                        1.0000 0.9996
--     408-   436         2                                                                        1.0000 0.9996
--     437-   466         5                                                                        1.0000 0.9997
--     467-   497         4                                                                        1.0000 0.9997
--     498-   529         7                                                                        1.0000 0.9997
--     530-   562         3                                                                        1.0000 0.9998
--     563-   596         3                                                                        1.0000 0.9998
--     597-   631         1                                                                        1.0000 0.9999
--     632-   667         0                                                                        0.0000 0.0000
--     668-   704         0                                                                        0.0000 0.0000
--     705-   742         3                                                                        1.0000 0.9999
--     743-   781         1                                                                        1.0000 0.9999
--     782-   821         1                                                                        1.0000 1.0000
--
--           0 (max occurrences)
--    52012843 (total mers, non-unique)
--     5536256 (distinct mers, non-unique)
--           0 (unique mers)
-- Finished stage 'meryl-process', reset canuIteration.
--
-- OVERLAPPER (normal) (assembly) erate=0.045
--
----------------------------------------
-- Starting command on Mon Oct 22 21:00:43 2018 with 877.309 GB free disk space

    cd unitigging/1-overlapper
    /Users/admin/canu/Darwin-amd64/bin/overlapInCorePartition \
     -S  ../../ecoli.seqStore \
     -hl 80000000 \
     -rl 1000000000 \
     -ol 500 \
     -o  ./ecoli.partition \
    > ./ecoli.partition.err 2>&1

-- Finished on Mon Oct 22 21:00:43 2018 (like a bat out of hell) with 877.309 GB free disk space
----------------------------------------
--
-- Configured 1 overlapInCore jobs.
-- Finished stage 'utg-overlapConfigure', reset canuIteration.
--
-- Running jobs.  First attempt out of 2.
----------------------------------------
-- Starting 'utgovl' concurrent execution on Mon Oct 22 21:00:43 2018 with 877.309 GB free disk space (1 processes; 1 concurrently)

    cd unitigging/1-overlapper
    ./overlap.sh 1 > ./overlap.000001.out 2>&1

-- Finished on Mon Oct 22 21:01:23 2018 (40 seconds) with 877.307 GB free disk space
----------------------------------------
-- Found 1 overlapInCore output files.
--
-- overlapInCore compute 'unitigging/1-overlapper':
--   kmer hits
--     with no overlap           241643      241643 +- 0
--     with an overlap            76892       76892 +- 0
--
--   overlaps                     76892       76892 +- 0
--     contained                  33369       33369 +- 0
--     dovetail                   43523       43523 +- 0
--
--   overlaps rejected
--     multiple per pair              0           0 +- 0
--     bad short window               0           0 +- 0
--     bad long window                0           0 +- 0
-- Finished stage 'utg-overlapCheck', reset canuIteration.
----------------------------------------
-- Starting command on Mon Oct 22 21:01:23 2018 with 877.307 GB free disk space

    cd unitigging
    /Users/admin/canu/Darwin-amd64/bin/ovStoreConfig \
     -S ../ecoli.seqStore \
     -M 1 \
     -L ./1-overlapper/ovljob.files \
     -create ./ecoli.ovlStore.config \
     > ./ecoli.ovlStore.config.txt \
    2> ./ecoli.ovlStore.config.err

-- Finished on Mon Oct 22 21:01:23 2018 (fast as lightning) with 877.307 GB free disk space
----------------------------------------
--
-- Creating overlap store unitigging/ecoli.ovlStore using:
--      1 bucket
--      2 slices
--        using at most 1 GB memory each
-- Finished stage 'utg-overlapStoreConfigure', reset canuIteration.
--
-- Running jobs.  First attempt out of 2.
----------------------------------------
-- Starting 'ovB' concurrent execution on Mon Oct 22 21:01:23 2018 with 877.307 GB free disk space (1 processes; 4 concurrently)

    cd unitigging/ecoli.ovlStore.BUILDING
    ./scripts/1-bucketize.sh 1 > ./logs/1-bucketize.000001.out 2>&1

-- Finished on Mon Oct 22 21:01:24 2018 (one second) with 877.304 GB free disk space
----------------------------------------
-- Overlap store bucketizer finished.
-- Finished stage 'utg-overlapStoreBucketizerCheck', reset canuIteration.
--
-- Running jobs.  First attempt out of 2.
----------------------------------------
-- Starting 'ovS' concurrent execution on Mon Oct 22 21:01:24 2018 with 877.304 GB free disk space (2 processes; 2 concurrently)

    cd unitigging/ecoli.ovlStore.BUILDING
    ./scripts/2-sort.sh 1 > ./logs/2-sort.000001.out 2>&1
    ./scripts/2-sort.sh 2 > ./logs/2-sort.000002.out 2>&1

-- Finished on Mon Oct 22 21:01:24 2018 (like a bat out of hell) with 877.3 GB free disk space
----------------------------------------
-- Overlap store sorter finished.
-- Finished stage 'utg-overlapStoreSorterCheck', reset canuIteration.
----------------------------------------
-- Starting command on Mon Oct 22 21:01:24 2018 with 877.3 GB free disk space

    cd unitigging
    /Users/admin/canu/Darwin-amd64/bin/ovStoreIndexer \
      -O  ./ecoli.ovlStore.BUILDING \
      -S ../ecoli.seqStore \
      -C  ./ecoli.ovlStore.config \
      -delete \
    > ./ecoli.ovlStore.BUILDING.index.err 2>&1

-- Finished on Mon Oct 22 21:01:24 2018 (fast as lightning) with 877.303 GB free disk space
----------------------------------------
-- Checking store.
----------------------------------------
-- Starting command on Mon Oct 22 21:01:24 2018 with 877.303 GB free disk space

    cd unitigging
    /Users/admin/canu/Darwin-amd64/bin/ovStoreDump \
     -S ../ecoli.seqStore \
     -O  ./ecoli.ovlStore \
     -counts \
     > ./ecoli.ovlStore/counts.dat 2> ./ecoli.ovlStore/counts.err

-- Finished on Mon Oct 22 21:01:24 2018 (furiously fast) with 877.303 GB free disk space
----------------------------------------
--
-- Overlap store 'unitigging/ecoli.ovlStore' successfully constructed.
-- Found 153784 overlaps for 6602 reads; 933 reads have no overlaps.
--
--
-- Purged 0.001 GB in 3 overlap output files.
----------------------------------------
-- Starting command on Mon Oct 22 21:01:24 2018 with 877.304 GB free disk space

    cd unitigging
    /Users/admin/canu/Darwin-amd64/bin/ovStoreStats \
     -C 11 \
     -S ../ecoli.seqStore \
     -O  ./ecoli.ovlStore \
     -o  ./ecoli.ovlStore \
     > ./ecoli.ovlStore.summary.err 2>&1

-- Finished on Mon Oct 22 21:01:25 2018 (one second) with 877.304 GB free disk space
----------------------------------------
--
-- Overlap store 'unitigging/ecoli.ovlStore' contains:
--
--   category            reads     %          read length        feature size or coverage  analysis
--   ----------------  -------  -------  ----------------------  ------------------------  --------------------
--   middle-missing          5    0.08     9633.80 +- 7328.01       1352.60 +- 1362.33    (bad trimming)
--   middle-hump             1    0.02     2972.00 +- 0.00            36.00 +- 0.00       (bad trimming)
--   no-5-prime              8    0.12     9759.00 +- 7844.29        226.50 +- 381.85     (bad trimming)
--   no-3-prime              6    0.09     9333.50 +- 6613.43        205.83 +- 217.15     (bad trimming)
--   
--   low-coverage           28    0.42     2116.32 +- 958.26           2.16 +- 0.67       (easy to assemble, potential for lower quality consensus)
--   unique               4561   69.09     7537.64 +- 5678.95         11.12 +- 2.93       (easy to assemble, perfect, yay)
--   repeat-cont            94    1.42     2982.95 +- 2252.09         27.63 +- 14.05      (potential for consensus errors, no impact on assembly)
--   repeat-dove             0    0.00        0.00 +- 0.00             0.00 +- 0.00       (hard to assemble, likely won't assemble correctly or even at all)
--   
--   span-repeat          1231   18.65    12157.10 +- 6656.78       3025.80 +- 3744.64    (read spans a large repeat, usually easy to assemble)
--   uniq-repeat-cont      536    8.12     7921.85 +- 4997.58                             (should be uniquely placed, low potential for consensus errors, no impact on assembly)
--   uniq-repeat-dove      115    1.74    16778.10 +- 5055.58                             (will end contigs, potential to misassemble)
--   uniq-anchor            17    0.26    11250.00 +- 5068.48       4396.94 +- 4923.54    (repeat read, with unique section, probable bad read)
-- Finished stage 'utg-createOverlapStore', reset canuIteration.
--
-- Loading read lengths.
-- Loading number of overlaps per read.
--
-- Configure RED for 8gb memory.
--                   Batches of at most (unlimited) reads.
--                                      500000000 bases.
--                   Expecting evidence of at most 536870912 bases per iteration.
--
--           Total                                               Reads                 Olaps Evidence
--    Job   Memory      Read Range         Reads        Bases   Memory        Olaps   Memory   Memory  (Memory in MB)
--   ---- -------- ------------------- --------- ------------ -------- ------------ -------- --------
--      1  3717.54         1-7535           6602     56236275   643.78       153784     1.76  1024.00
--   ---- -------- ------------------- --------- ------------ -------- ------------ -------- --------
--                                                   56236275                153784
-- Finished stage 'readErrorDetectionConfigure', reset canuIteration.
--
-- Running jobs.  First attempt out of 2.
----------------------------------------
-- Starting 'red' concurrent execution on Mon Oct 22 21:01:25 2018 with 877.304 GB free disk space (1 processes; 2 concurrently)

    cd unitigging/3-overlapErrorAdjustment
    ./red.sh 1 > ./red.000001.out 2>&1

-- Finished on Mon Oct 22 21:01:28 2018 (3 seconds) with 877.303 GB free disk space
----------------------------------------
-- Found 1 read error detection output files.
-- Finished stage 'readErrorDetectionCheck', reset canuIteration.
--
-- Loading read lengths.
-- Loading number of overlaps per read.
--
-- Configure OEA for 4gb memory.
--                   Batches of at most (unlimited) reads.
--                                      300000000 bases.
--
--           Total                                               Reads                 Olaps  Adjusts
--    Job   Memory      Read Range         Reads        Bases   Memory        Olaps   Memory   Memory  (Memory in MB)
--   ---- -------- ------------------- --------- ------------ -------- ------------ -------- --------
--      1  2437.40         1-7535           6602     56236275    61.83       153784     4.69   322.88
--   ---- -------- ------------------- --------- ------------ -------- ------------ -------- --------
--                                                   56236275                153784
-- Finished stage 'overlapErrorAdjustmentConfigure', reset canuIteration.
--
-- Running jobs.  First attempt out of 2.
----------------------------------------
-- Starting 'oea' concurrent execution on Mon Oct 22 21:01:29 2018 with 877.303 GB free disk space (1 processes; 4 concurrently)

    cd unitigging/3-overlapErrorAdjustment
    ./oea.sh 1 > ./oea.000001.out 2>&1

-- Finished on Mon Oct 22 21:01:34 2018 (5 seconds) with 877.303 GB free disk space
----------------------------------------
-- Found 1 overlap error adjustment output files.
-- Finished stage 'overlapErrorAdjustmentCheck', reset canuIteration.
----------------------------------------
-- Starting command on Mon Oct 22 21:01:34 2018 with 877.303 GB free disk space

    cd unitigging/3-overlapErrorAdjustment
    /Users/admin/canu/Darwin-amd64/bin/loadErates \
      -S ../../ecoli.seqStore \
      -O ../ecoli.ovlStore \
      -L ./oea.files \
    > ./oea.apply.err 2>&1

-- Finished on Mon Oct 22 21:01:34 2018 (lickety-split) with 877.302 GB free disk space
----------------------------------------
-- No report available.
-- Finished stage 'updateOverlapStore', reset canuIteration.
-- Finished stage 'unitig', reset canuIteration.
--
-- Running jobs.  First attempt out of 2.
----------------------------------------
-- Starting 'bat' concurrent execution on Mon Oct 22 21:01:34 2018 with 877.302 GB free disk space (1 processes; 1 concurrently)

    cd unitigging/4-unitigger
    ./unitigger.sh 1 > ./unitigger.000001.out 2>&1

-- Finished on Mon Oct 22 21:01:35 2018 (one second) with 877.3 GB free disk space
----------------------------------------
-- Unitigger finished successfully.
-- Found, in version 1, after unitig construction:
--   contigs:      8 sequences, total length 4629937 bp (including 0 repeats of total length 0 bp).
--   bubbles:      0 sequences, total length 0 bp.
--   unassembled:  959 sequences, total length 5538499 bp.
--
-- Contig sizes based on genome size 4.8mbp:
--
--            NG (bp)  LG (contigs)    sum (bp)
--         ----------  ------------  ----------
--     10     1866677             1     1866677
--     20     1866677             1     1866677
--     30     1866677             1     1866677
--     40      765885             2     2632562
--     50      765885             2     2632562
--     60      736179             3     3368741
--     70      736179             3     3368741
--     80      656448             4     4025189
--     90      311411             5     4336600
--
-- Finished stage 'unitigCheck', reset canuIteration.
----------------------------------------
-- Starting command on Mon Oct 22 21:01:35 2018 with 877.3 GB free disk space

    cd unitigging
    /Users/admin/canu/Darwin-amd64/bin/sqStoreCreatePartition \
      -S ../ecoli.seqStore \
      -T  ./ecoli.ctgStore 1 \
      -b 15000 \
      -p 8 \
    > ./ecoli.ctgStore/partitionedReads.log 2>&1

-- Finished on Mon Oct 22 21:01:35 2018 (lickety-split) with 877.269 GB free disk space
----------------------------------------
----------------------------------------
-- Starting command on Mon Oct 22 21:01:35 2018 with 877.269 GB free disk space

    cd unitigging
    /Users/admin/canu/Darwin-amd64/bin/sqStoreCreatePartition \
      -S ../ecoli.seqStore \
      -T  ./ecoli.utgStore 1 \
      -b 15000 \
      -p 8 \
    > ./ecoli.utgStore/partitionedReads.log 2>&1

-- Finished on Mon Oct 22 21:01:35 2018 (like a bat out of hell) with 877.242 GB free disk space
----------------------------------------
-- Using slow alignment for consensus (iteration '0').
-- Configured 1 contig and 1 unitig consensus jobs.
-- Finished stage 'consensusConfigure', reset canuIteration.
--
--                            (tag)Concurrency
--                     (tag)Threads          |
--            (tag)Memory         |          |
--        (tag)         |         |          |     total usage     algorithm
--        -------  ------  --------   --------  -----------------  -----------------------------
-- Local: cns        3 GB    4 CPUs x   2 jobs     6 GB    8 CPUs  (consensus)
--
--
-- Running jobs.  First attempt out of 2.
----------------------------------------
-- Starting 'cns' concurrent execution on Mon Oct 22 21:01:35 2018 with 877.242 GB free disk space (2 processes; 2 concurrently)

    cd unitigging/5-consensus
    ./consensus.sh 1 > ./consensus.000001.out 2>&1
    ./consensus.sh 2 > ./consensus.000002.out 2>&1

-- Finished on Mon Oct 22 21:02:28 2018 (53 seconds) with 877.215 GB free disk space
----------------------------------------
-- Using slow alignment for consensus (iteration '1').
-- Configured 1 contig and 1 unitig consensus jobs.
-- All 2 consensus jobs finished successfully.
-- Finished stage 'consensusCheck', reset canuIteration.
-- Using slow alignment for consensus (iteration '0').
-- Configured 1 contig and 1 unitig consensus jobs.
----------------------------------------
-- Starting command on Mon Oct 22 21:02:28 2018 with 877.215 GB free disk space

    cd unitigging
    /Users/admin/canu/Darwin-amd64/bin/tgStoreLoad \
      -S ../ecoli.seqStore \
      -T  ./ecoli.ctgStore 2 \
      -L ./5-consensus/ctgcns.files \
    > ./5-consensus/ctgcns.files.ctgStoreLoad.err 2>&1

-- Finished on Mon Oct 22 21:02:28 2018 (lickety-split) with 877.195 GB free disk space
----------------------------------------
----------------------------------------
-- Starting command on Mon Oct 22 21:02:28 2018 with 877.195 GB free disk space

    cd unitigging
    /Users/admin/canu/Darwin-amd64/bin/tgStoreLoad \
      -S ../ecoli.seqStore \
      -T  ./ecoli.utgStore 2 \
      -L ./5-consensus/utgcns.files \
    > ./5-consensus/utgcns.files.utgStoreLoad.err 2>&1

-- Finished on Mon Oct 22 21:02:28 2018 (lickety-split) with 877.186 GB free disk space
----------------------------------------
-- Purging consensus output after loading to ctgStore and/or utgStore.
-- Purged 2 .cns outputs.
----------------------------------------
-- Starting command on Mon Oct 22 21:02:28 2018 with 877.272 GB free disk space

    cd unitigging
    /Users/admin/canu/Darwin-amd64/bin/tgStoreDump \
      -S ../ecoli.seqStore \
      -T ./ecoli.ctgStore 2 \
      -sizes -s 4800000 \
    > ./ecoli.ctgStore/seqDB.v002.sizes.txt

-- Finished on Mon Oct 22 21:02:28 2018 (furiously fast) with 877.272 GB free disk space
----------------------------------------
-- Found, in version 2, after consensus generation:
--   contigs:      8 sequences, total length 4620039 bp (including 0 repeats of total length 0 bp).
--   bubbles:      0 sequences, total length 0 bp.
--   unassembled:  959 sequences, total length 5538499 bp.
--
-- Contig sizes based on genome size 4.8mbp:
--
--            NG (bp)  LG (contigs)    sum (bp)
--         ----------  ------------  ----------
--     10     1862545             1     1862545
--     20     1862545             1     1862545
--     30     1862545             1     1862545
--     40      764167             2     2626712
--     50      764167             2     2626712
--     60      734745             3     3361457
--     70      734745             3     3361457
--     80      655119             4     4016576
--     90      310780             5     4327356
--
-- Finished stage 'consensusLoad', reset canuIteration.
----------------------------------------
-- Starting command on Mon Oct 22 21:02:28 2018 with 877.272 GB free disk space

    cd unitigging
    /Users/admin/canu/Darwin-amd64/bin/tgStoreCoverageStat \
      -S ../ecoli.seqStore \
      -T  ./ecoli.ctgStore 2 \
      -s 4800000 \
      -o ./ecoli.ctgStore.coverageStat \
    > ./ecoli.ctgStore.coverageStat.err 2>&1

-- Finished on Mon Oct 22 21:02:28 2018 (like a bat out of hell) with 877.272 GB free disk space
----------------------------------------
-- Finished stage 'consensusAnalyze', reset canuIteration.
----------------------------------------
-- Starting command on Mon Oct 22 21:02:28 2018 with 877.272 GB free disk space

    cd unitigging/4-unitigger
    ./alignGFA.sh \
    > alignGFA.err 2>&1

-- Finished on Mon Oct 22 21:02:29 2018 (one second) with 877.272 GB free disk space
----------------------------------------
----------------------------------------
-- Starting command on Mon Oct 22 21:02:29 2018 with 877.272 GB free disk space

    cd .
    /Users/admin/canu/Darwin-amd64/bin/tgStoreDump \
      -S ./ecoli.seqStore \
      -T ./unitigging/ecoli.ctgStore 2 \
      -o ./ecoli.contigs \
      -layout \
    > ./ecoli.contigs.layout.err 2>&1

-- Finished on Mon Oct 22 21:02:30 2018 (one second) with 877.252 GB free disk space
----------------------------------------
----------------------------------------
-- Starting command on Mon Oct 22 21:02:30 2018 with 877.252 GB free disk space

    cd .
    /Users/admin/canu/Darwin-amd64/bin/tgStoreDump \
      -S ./ecoli.seqStore \
      -T ./unitigging/ecoli.utgStore 2 \
      -o ./ecoli.unitigs \
      -layout \
    > ./ecoli.unitigs.layout.err 2>&1

-- Finished on Mon Oct 22 21:02:30 2018 (furiously fast) with 877.243 GB free disk space
----------------------------------------
----------------------------------------
-- Starting command on Mon Oct 22 21:02:30 2018 with 877.243 GB free disk space

    cd .
    /Users/admin/canu/Darwin-amd64/bin/tgStoreDump \
      -S ./ecoli.seqStore \
      -T ./unitigging/ecoli.ctgStore 2 \
      -consensus -fasta \
      -unassembled \
    > ./ecoli.unassembled.fasta
    2> ./ecoli.unassembled.err

-- Finished on Mon Oct 22 21:02:30 2018 (in the blink of an eye) with 877.237 GB free disk space
----------------------------------------
----------------------------------------
-- Starting command on Mon Oct 22 21:02:30 2018 with 877.237 GB free disk space

    cd .
    /Users/admin/canu/Darwin-amd64/bin/tgStoreDump \
      -S ./ecoli.seqStore \
      -T ./unitigging/ecoli.ctgStore 2 \
      -consensus -fasta \
      -contigs \
    > ./ecoli.contigs.fasta
    2> ./ecoli.contigs.err

-- Finished on Mon Oct 22 21:02:30 2018 (in the blink of an eye) with 877.233 GB free disk space
----------------------------------------
----------------------------------------
-- Starting command on Mon Oct 22 21:02:30 2018 with 877.233 GB free disk space

    cd .
    /Users/admin/canu/Darwin-amd64/bin/tgStoreDump \
      -S ./ecoli.seqStore \
      -T ./unitigging/ecoli.utgStore 2 \
      -consensus -fasta \
      -contigs \
    > ./ecoli.unitigs.fasta
    2> ./ecoli.unitigs.err

-- Finished on Mon Oct 22 21:02:30 2018 (furiously fast) with 877.229 GB free disk space
----------------------------------------
-- Finished stage 'generateOutputs', reset canuIteration.
--
-- Assembly 'ecoli' finished in '/Users/admin/Desktop/ecoli-pacbio-0.6'.
--
-- Summary saved in 'ecoli.report'.
--
-- Sequences saved:
--   Contigs       -> 'ecoli.contigs.fasta'
--   Unassembled   -> 'ecoli.unassembled.fasta'
--   Unitigs       -> 'ecoli.unitigs.fasta'
--
-- Read layouts saved:
--   Contigs       -> 'ecoli.contigs.layout'.
--   Unitigs       -> 'ecoli.unitigs.layout'.
--
-- Graphs saved:
--   Contigs       -> 'ecoli.contigs.gfa'.
--   Unitigs       -> 'ecoli.unitigs.gfa'.
--
-- Bye.
